Game of the Rope - Description of the internal state

Ref Coa 1 Cont 1 Cont 2 Cont 3 Cont 4 Cont 5 Coa 2 Cont 1 Cont 2 Cont 3 Cont 4 Cont 5 Trial
Sta  Stat Sta SG Sta SG Sta SG Sta SG Sta SG  Stat Sta SG Sta SG Sta SG Sta SG Sta SG 3 2 1 . 1 2 3 NB PS
SOM  WFRC STB 15 STB 16 STB 10 STB 13 STB 11  WFRC STB 13 STB 17 STB 12 STB 13 STB 10 - - - . - - - -- --
Game 1
Ref Coa 1 Cont 1 Cont 2 Cont 3 Cont 4 Cont 5 Coa 2 Cont 1 Cont 2 Cont 3 Cont 4 Cont 5 Trial
Sta  Stat Sta SG Sta SG Sta SG Sta SG Sta SG  Stat Sta SG Sta SG Sta SG Sta SG Sta SG 3 2 1 . 1 2 3 NB PS
SOG  WFRC STB 15 STB 16 STB 10 STB 13 STB 11  WFRC STB 13 STB 17 STB 12 STB 13 STB 10 - - - . - - -  1  0
TRD  WFRC STB 15 STB 16 STB 10 STB 13 STB 11  WFRC STB 13 STB 17 STB 12 STB 13 STB 10 - - - . - - -  1  0
TRD  WFRC STB 15 STB 16 STB 10 STB 13 STB 11  AETM STB 13 STB 17 STB 12 STB 13 STB 10 - - - . - - -  1  0
TRD  WFRC STB 15 STB 16 STB 10 STB 13 STB 11  AETM STB 13 STB 17 STB 12 SIP 13 STB 10 - - - . 4 - -  1  0
TRD  AETM STB 15 STB 16 STB 10 STB 13 STB 11  AETM STB 13 STB 17 STB 12 SIP 13 STB 10 - - - . 4 - -  1  0
TRD  AETM STB 15 STB 16 STB 10 STB 13 STB 11  AETM SIP 13 STB 17 STB 12 SIP 13 STB 10 - - - . 4 1 -  1  0
TRD  AETM STB 15 STB 16 STB 10 STB 13 STB 11  AETM SIP 13 SIP 17 STB 12 SIP 13 STB 10 - - - . 4 1 2  1  0
TRD  AETM STB 15 SIP 16 STB 10 STB 13 STB 11  AETM SIP 13 SIP 17 STB 12 SIP 13 STB 10 2 - - . 4 1 2  1  0
TRD  AETM STB 15 SIP 16 SIP 10 STB 13 STB 11  AETM SIP 13 SIP 17 STB 12 SIP 13 STB 10 2 3 - . 4 1 2  1  0
TRD  AETM STB 15 SIP 16 SIP 10 STB 13 SIP 11  AETM SIP 13 SIP 17 STB 12 SIP 13 STB 10 2 3 5 . 4 1 2  1  0
TRD  WHTL STB 15 SIP 16 SIP 10 STB 13 SIP 11  AETM SIP 13 SIP 17 STB 12 SIP 13 STB 10 2 3 5 . 4 1 2  1  0
TRD  WHTL STB 15 SIP 16 SIP 10 STB 13 SIP 11  WHTL SIP 13 SIP 17 STB 12 SIP 13 STB 10 2 3 5 . 4 1 2  1  0
WTC  WHTL STB 15 SIP 16 SIP 10 STB 13 SIP 11  WHTL SIP 13 SIP 17 STB 12 SIP 13 STB 10 2 3 5 . 4 1 2  1  0
WTC  WHTL STB 15 DYB 16 DYB 10 STB 13 DYB 11  WHTL DYB 13 DYB 17 STB 12 DYB 13 STB 10 2 3 5 . 4 1 2  1  0
WTC  WHTL STB 15 DYB 16 DYB 10 STB 13 DYB 11  WHTL DYB 13 DYB 17 STB 12 DYB 13 STB 10 2 3 5 . 4 1 2  1  0
WTC  WHTL STB 15 DYB 16 DYB 10 STB 13 DYB 11  WHTL DYB 13 DYB 17 STB 12 DYB 13 STB 10 2 3 5 . 4 1 2  1  0
WTC  WHTL STB 15 DYB 16 DYB 10 STB 13 DYB 11  WHTL DYB 13 DYB 17 STB 12 DYB 13 STB 10 2 3 5 . 4 1 2  1  0
WTC  WHTL STB 15 DYB 16 DYB 10 STB 13 DYB 11  WHTL DYB 13 DYB 17 STB 12 DYB 13 STB 10 2 3 5 . 4 1 2  1  0
WTC  WHTL STB 15 DYB 16 DYB 10 STB 13 DYB 11  WHTL DYB 13 DYB 17 STB 12 DYB 13 STB 10 2 3 5 . 4 1 2  1  0
WTC  WHTL STB 15 DYB 16 DYB 10 STB 13 DYB 11  WHTL DYB 13 DYB 17 STB 12 DYB 13 STB 10 2 3 5 . 4 1 2  1  1
WTC  WHTL STB 15 DYB 16 DYB 10 STB 13 DYB 11  WHTL DYB 13 DYB 17 STB 12 DYB 13 STB 10 2 5 - . 4 1 2  1  1
WTC  WHTL STB 15 DYB 16 STB 10 STB 13 DYB 11  WHTL DYB 13 DYB 17 STB 12 DYB 13 STB 10 5 - - . 4 1 2  2  1
WTC  WHTL STB 15 DYB 16 STB 10 STB 13 DYB 11  WHTL DYB 13 DYB 17 STB 12 DYB 13 STB 10 5 - - . 1 2 -  2  1
WTC  WHTL STB 15 DYB 16 STB 10 STB 13 DYB 11  WHTL DYB 13 DYB 17 STB 12 DYB 13 STB 10 5 - - . 1 2 -  2  1
WTC  WHTL STB 15 STB 16 STB 10 STB 13 DYB 11  WHTL DYB 13 DYB 17 STB 12 DYB 13 STB 10 5 - - . 1 2 -  2  1
WTC  WHTL STB 15 STB 16 STB 10 STB 13 DYB 11  WHTL DYB 13 DYB 17 STB 12 STB 13 STB 10 5 - - . 1 - -  2  1
WTC  WHTL STB 15 STB 16 STB 10 STB 13 DYB 11  WHTL DYB 13 DYB 17 STB 12 STB 13 STB 10 5 - - . 1 - -  2  1
WTC  WHTL STB 15 STB 16 STB 10 STB 13 DYB 11  WHTL DYB 13 DYB 17 STB 12 STB 13 STB 10 - - - . 1 - -  2  1
WTC  WHTL STB 15 STB 16 STB 10 STB 13 DYB 11  WHTL DYB 13 STB 17 STB 12 STB 13 STB 10 - - - . - - -  2  1
WTC  WHTL STB 15 STB 16 STB 10 STB 13 DYB 11  WHTL DYB 13 STB 17 STB 12 STB 13 STB 10 - - - . - - -  2  1
WTC  WHTL STB 15 STB 16 STB 10 STB 13 STB 11  WHTL DYB 13 STB 17 STB 12 STB 13 STB 10 - - - . - - -  2  1
WTC  WHTL STB 15 STB 16 STB 10 STB 13 STB 11  WHTL STB 13 STB 17 STB 12 STB 13 STB 10 - - - . - - -  2  1
WTC  WHTL STB 16 STB 16 STB 10 STB 13 STB 11  WHTL STB 13 STB 17 STB 12 STB 13 STB 10 - - - . - - -  2  1
WTC  WHTL STB 16 STB 16 STB 10 STB 13 STB 11  WHTL STB 12 STB 17 STB 12 STB 13 STB 10 - - - . - - -  2  1
WTC  WHTL STB 16 STB 15 STB 10 STB 13 STB 11  WHTL STB 12 STB 17 STB 12 STB 13 STB 10 - - - . - - -  2  1
WTC  WHTL STB 16 STB 15 STB 10 STB 13 STB 11  WHTL STB 12 STB 16 STB 12 STB 13 STB 10 - - - . - - -  2  1
WTC  WHTL STB 16 STB 15 STB  9 STB 13 STB 11  WHTL STB 12 STB 16 STB 12 STB 13 STB 10 - - - . - - -  2  1
WTC  WHTL STB 16 STB 15 STB  9 STB 13 STB 11  WHTL STB 12 STB 16 STB 13 STB 13 STB 10 - - - . - - -  2  1
WTC  WHTL STB 16 STB 15 STB  9 STB 14 STB 11  WHTL STB 12 STB 16 STB 13 STB 13 STB 10 - - - . - - -  2  1
WTC  WHTL STB 16 STB 15 STB  9 STB 14 STB 11  WHTL STB 12 STB 16 STB 13 STB 12 STB 10 - - - . - - -  2  1
WTC  WHTL STB 16 STB 15 STB  9 STB 14 STB 10  WHTL STB 12 STB 16 STB 13 STB 12 STB 10 - - - . - - -  2  1
WTC  WHTL STB 16 STB 15 STB  9 STB 14 STB 10  WHTL STB 12 STB 16 STB 13 STB 12 STB 11 - - - . - - -  2  1
WTC  WFRC STB 16 STB 15 STB  9 STB 14 STB 10  WHTL STB 12 STB 16 STB 13 STB 12 STB 11 - - - . - - -  2  1
WTC  WFRC STB 16 STB 15 STB  9 STB 14 STB 10  WFRC STB 12 STB 16 STB 13 STB 12 STB 11 - - - . - - -  2  1
TRD  WFRC STB 16 STB 15 STB  9 STB 14 STB 10  WFRC STB 12 STB 16 STB 13 STB 12 STB 11 - - - . - - -  2  1
TRD  AETM STB 16 STB 15 STB  9 STB 14 STB 10  WFRC STB 12 STB 16 STB 13 STB 12 STB 11 - - - . - - -  2  1
TRD  AETM STB 16 STB 15 STB  9 STB 14 STB 10  AETM STB 12 STB 16 STB 13 STB 12 STB 11 - - - . - - -  2  1
TRD  AETM SIP 16 STB 15 STB  9 STB 14 STB 10  AETM STB 12 STB 16 STB 13 STB 12 STB 11 1 - - . - - -  2  1
TRD  AETM SIP 16 STB 15 STB  9 STB 14 STB 10  AETM STB 12 STB 16 STB 13 SIP 12 STB 11 1 - - . 4 - -  2  1
TRD  AETM SIP 16 SIP 15 STB  9 STB 14 STB 10  AETM STB 12 STB 16 STB 13 SIP 12 STB 11 1 2 - . 4 - -  2  1
TRD  AETM SIP 16 SIP 15 SIP  9 STB 14 STB 10  AETM STB 12 STB 16 STB 13 SIP 12 STB 11 1 2 3 . 4 - -  2  1
TRD  AETM SIP 16 SIP 15 SIP  9 STB 14 STB 10  AETM STB 12 STB 16 SIP 13 SIP 12 STB 11 1 2 3 . 4 3 -  2  1
TRD  AETM SIP 16 SIP 15 SIP  9 STB 14 STB 10  AETM STB 12 STB 16 SIP 13 SIP 12 SIP 11 1 2 3 . 4 3 5  2  1
TRD  AETM SIP 16 SIP 15 SIP  9 STB 14 STB 10  WHTL STB 12 STB 16 SIP 13 SIP 12 SIP 11 1 2 3 . 4 3 5  2  1
WTC  AETM SIP 16 SIP 15 SIP  9 STB 14 STB 10  WHTL STB 12 STB 16 SIP 13 SIP 12 SIP 11 1 2 3 . 4 3 5  2  1
WTC  WHTL SIP 16 SIP 15 SIP  9 STB 14 STB 10  WHTL STB 12 STB 16 SIP 13 SIP 12 SIP 11 1 2 3 . 4 3 5  2  1
WTC  WHTL DYB 16 DYB 15 DYB  9 STB 14 STB 10  WHTL STB 12 STB 16 DYB 13 DYB 12 DYB 11 1 2 3 . 4 3 5  2  1
WTC  WHTL DYB 16 DYB 15 DYB  9 STB 14 STB 10  WHTL STB 12 STB 16 DYB 13 DYB 12 DYB 11 1 2 3 . 4 3 5  2  1
WTC  WHTL DYB 16 DYB 15 DYB  9 STB 14 STB 10  WHTL STB 12 STB 16 DYB 13 DYB 12 DYB 11 1 2 3 . 4 3 5  2  1
WTC  WHTL DYB 16 DYB 15 DYB  9 STB 14 STB 10  WHTL STB 12 STB 16 DYB 13 DYB 12 DYB 11 1 2 3 . 4 3 5  2  1
WTC  WHTL DYB 16 DYB 15 DYB  9 STB 14 STB 10  WHTL STB 12 STB 16 DYB 13 DYB 12 DYB 11 1 2 3 . 4 3 5  2  1
WTC  WHTL DYB 16 DYB 15 DYB  9 STB 14 STB 10  WHTL STB 12 STB 16 DYB 13 DYB 12 DYB 11 1 2 3 . 4 3 5  2  1
WTC  WHTL DYB 16 DYB 15 DYB  9 STB 14 STB 10  WHTL STB 12 STB 16 DYB 13 DYB 12 DYB 11 1 2 3 . 4 3 5  2  0
WTC  WHTL DYB 16 DYB 15 DYB  9 STB 14 STB 10  WHTL STB 12 STB 16 DYB 13 DYB 12 DYB 11 1 2 3 . 3 5 -  2  0
WTC  WHTL DYB 16 DYB 15 DYB  9 STB 14 STB 10  WHTL STB 12 STB 16 DYB 13 DYB 12 DYB 11 2 3 - . 3 5 -  2  0
WTC  WHTL DYB 16 DYB 15 DYB  9 STB 14 STB 10  WHTL STB 12 STB 16 DYB 13 STB 12 DYB 11 2 3 - . 5 - -  2  0
WTC  WHTL DYB 16 DYB 15 DYB  9 STB 14 STB 10  WHTL STB 12 STB 16 DYB 13 STB 12 DYB 11 2 3 - . 5 - -  2  0
WTC  WHTL STB 16 DYB 15 DYB  9 STB 14 STB 10  WHTL STB 12 STB 16 DYB 13 STB 12 DYB 11 2 3 - . 5 - -  2  0
WTC  WHTL STB 16 DYB 15 DYB  9 STB 14 STB 10  WHTL STB 12 STB 16 DYB 13 STB 12 DYB 11 3 - - . 5 - -  2  0
WTC  WHTL STB 16 DYB 15 DYB  9 STB 14 STB 10  WHTL STB 12 STB 16 STB 13 STB 12 DYB 11 3 - - . 5 - -  2  0
WTC  WHTL STB 16 DYB 15 DYB  9 STB 14 STB 10  WHTL STB 12 STB 16 STB 13 STB 12 DYB 11 3 - - . - - -  2  0
WTC  WHTL STB 16 STB 15 DYB  9 STB 14 STB 10  WHTL STB 12 STB 16 STB 13 STB 12 DYB 11 3 - - . - - -  2  0
WTC  WHTL STB 16 STB 15 DYB  9 STB 14 STB 10  WHTL STB 12 STB 16 STB 13 STB 12 DYB 11 - - - . - - -  3  0
WTC  WHTL STB 16 STB 15 DYB  9 STB 14 STB 10  WHTL STB 12 STB 16 STB 13 STB 12 STB 11 - - - . - - -  3  0
WTC  WHTL STB 16 STB 15 STB  9 STB 14 STB 10  WHTL STB 12 STB 16 STB 13 STB 12 STB 11 - - - . - - -  3  0
WTC  WHTL STB 16 STB 15 STB  9 STB 14 STB 10  WHTL STB 13 STB 16 STB 13 STB 12 STB 11 - - - . - - -  3  0
WTC  WHTL STB 15 STB 15 STB  9 STB 14 STB 10  WHTL STB 13 STB 16 STB 13 STB 12 STB 11 - - - . - - -  3  0
WTC  WHTL STB 15 STB 15 STB  9 STB 14 STB 10  WHTL STB 13 STB 17 STB 13 STB 12 STB 11 - - - . - - -  3  0
WTC  WHTL STB 15 STB 14 STB  9 STB 14 STB 10  WHTL STB 13 STB 17 STB 12 STB 12 STB 11 - - - . - - -  3  0
WTC  WHTL STB 15 STB 14 STB  9 STB 14 STB 10  WHTL STB 13 STB 17 STB 12 STB 12 STB 11 - - - . - - -  3  0
WTC  WHTL STB 15 STB 14 STB  8 STB 14 STB 10  WHTL STB 13 STB 17 STB 12 STB 11 STB 11 - - - . - - -  3  0
WTC  WHTL STB 15 STB 14 STB  8 STB 14 STB 10  WHTL STB 13 STB 17 STB 12 STB 11 STB 11 - - - . - - -  3  0
WTC  WHTL STB 15 STB 14 STB  8 STB 15 STB 10  WHTL STB 13 STB 17 STB 12 STB 11 STB 10 - - - . - - -  3  0
WTC  WHTL STB 15 STB 14 STB  8 STB 15 STB 10  WHTL STB 13 STB 17 STB 12 STB 11 STB 10 - - - . - - -  3  0
WTC  WHTL STB 15 STB 14 STB  8 STB 15 STB 11  WHTL STB 13 STB 17 STB 12 STB 11 STB 10 - - - . - - -  3  0
WTC  WHTL STB 15 STB 14 STB  8 STB 15 STB 11  WFRC STB 13 STB 17 STB 12 STB 11 STB 10 - - - . - - -  3  0
WTC  WFRC STB 15 STB 14 STB  8 STB 15 STB 11  WFRC STB 13 STB 17 STB 12 STB 11 STB 10 - - - . - - -  3  0
TRD  WFRC STB 15 STB 14 STB  8 STB 15 STB 11  WFRC STB 13 STB 17 STB 12 STB 11 STB 10 - - - . - - -  3  0
TRD  AETM STB 15 STB 14 STB  8 STB 15 STB 11  WFRC STB 13 STB 17 STB 12 STB 11 STB 10 - - - . - - -  3  0
TRD  AETM STB 15 STB 14 STB  8 STB 15 STB 11  AETM STB 13 STB 17 STB 12 STB 11 STB 10 - - - . - - -  3  0
TRD  AETM SIP 15 STB 14 STB  8 STB 15 STB 11  AETM STB 13 STB 17 STB 12 STB 11 STB 10 1 - - . - - -  3  0
TRD  AETM SIP 15 SIP 14 STB  8 STB 15 STB 11  AETM STB 13 STB 17 STB 12 STB 11 STB 10 1 2 - . - - -  3  0
TRD  AETM SIP 15 SIP 14 STB  8 STB 15 SIP 11  AETM STB 13 STB 17 STB 12 STB 11 STB 10 1 2 5 . - - -  3  0
TRD  AETM SIP 15 SIP 14 STB  8 STB 15 SIP 11  AETM STB 13 STB 17 STB 12 STB 11 SIP 10 1 2 5 . 5 - -  3  0
TRD  AETM SIP 15 SIP 14 STB  8 STB 15 SIP 11  AETM STB 13 STB 17 STB 12 SIP 11 SIP 10 1 2 5 . 5 4 -  3  0
TRD  AETM SIP 15 SIP 14 STB  8 STB 15 SIP 11  AETM STB 13 STB 17 SIP 12 SIP 11 SIP 10 1 2 5 . 5 4 3  3  0
TRD  AETM SIP 15 SIP 14 STB  8 STB 15 SIP 11  WHTL STB 13 STB 17 SIP 12 SIP 11 SIP 10 1 2 5 . 5 4 3  3  0
TRD  WHTL SIP 15 SIP 14 STB  8 STB 15 SIP 11  WHTL STB 13 STB 17 SIP 12 SIP 11 SIP 10 1 2 5 . 5 4 3  3  0
WTC  WHTL SIP 15 SIP 14 STB  8 STB 15 SIP 11  WHTL STB 13 STB 17 SIP 12 SIP 11 SIP 10 1 2 5 . 5 4 3  3  0
WTC  WHTL DYB 15 DYB 14 STB  8 STB 15 DYB 11  WHTL STB 13 STB 17 DYB 12 DYB 11 DYB 10 1 2 5 . 5 4 3  3  0
WTC  WHTL DYB 15 DYB 14 STB  8 STB 15 DYB 11  WHTL STB 13 STB 17 DYB 12 DYB 11 DYB 10 1 2 5 . 5 4 3  3  0
WTC  WHTL DYB 15 DYB 14 STB  8 STB 15 DYB 11  WHTL STB 13 STB 17 DYB 12 DYB 11 DYB 10 1 2 5 . 5 4 3  3  0
WTC  WHTL DYB 15 DYB 14 STB  8 STB 15 DYB 11  WHTL STB 13 STB 17 DYB 12 DYB 11 DYB 10 1 2 5 . 5 4 3  3  0
WTC  WHTL DYB 15 DYB 14 STB  8 STB 15 DYB 11  WHTL STB 13 STB 17 DYB 12 DYB 11 DYB 10 1 2 5 . 5 4 3  3  0
WTC  WHTL DYB 15 DYB 14 STB  8 STB 15 DYB 11  WHTL STB 13 STB 17 DYB 12 DYB 11 DYB 10 1 2 5 . 5 4 3  3  0
WTC  WHTL DYB 15 DYB 14 STB  8 STB 15 DYB 11  WHTL STB 13 STB 17 DYB 12 DYB 11 DYB 10 1 2 5 . 5 4 3  3 -1
WTC  WHTL DYB 15 DYB 14 STB  8 STB 15 DYB 11  WHTL STB 13 STB 17 DYB 12 DYB 11 DYB 10 1 5 - . 5 4 3  3 -1
WTC  WHTL DYB 15 DYB 14 STB  8 STB 15 DYB 11  WHTL STB 13 STB 17 DYB 12 DYB 11 DYB 10 1 - - . 5 4 3  4 -1
WTC  WHTL DYB 15 STB 14 STB  8 STB 15 DYB 11  WHTL STB 13 STB 17 DYB 12 DYB 11 DYB 10 1 - - . 5 4 3  4 -1
WTC  WHTL DYB 15 STB 14 STB  8 STB 15 STB 11  WHTL STB 13 STB 17 DYB 12 DYB 11 DYB 10 1 - - . 5 3 -  4 -1
WTC  WHTL DYB 15 STB 14 STB  8 STB 15 STB 11  WHTL STB 13 STB 17 DYB 12 DYB 11 DYB 10 1 - - . 5 3 -  4 -1
WTC  WHTL DYB 15 STB 14 STB  8 STB 15 STB 11  WHTL STB 13 STB 17 DYB 12 DYB 11 DYB 10 - - - . 5 3 -  4 -1
WTC  WHTL DYB 15 STB 14 STB  8 STB 15 STB 11  WHTL STB 13 STB 17 DYB 12 STB 11 DYB 10 - - - . 5 3 -  4 -1
WTC  WHTL DYB 15 STB 14 STB  8 STB 15 STB 11  WHTL STB 13 STB 17 DYB 12 STB 11 DYB 10 - - - . 5 - -  4 -1
WTC  WHTL STB 15 STB 14 STB  8 STB 15 STB 11  WHTL STB 13 STB 17 DYB 12 STB 11 DYB 10 - - - . - - -  4 -1
WTC  WHTL STB 15 STB 14 STB  8 STB 15 STB 11  WHTL STB 13 STB 17 DYB 12 STB 11 DYB 10 - - - . - - -  4 -1
WTC  WHTL STB 15 STB 14 STB  8 STB 15 STB 11  WHTL STB 13 STB 17 STB 12 STB 11 DYB 10 - - - . - - -  4 -1
WTC  WHTL STB 14 STB 14 STB  8 STB 15 STB 11  WHTL STB 13 STB 17 STB 12 STB 11 STB 10 - - - . - - -  4 -1
WTC  WHTL STB 14 STB 14 STB  8 STB 15 STB 11  WHTL STB 13 STB 17 STB 12 STB 11 STB 10 - - - . - - -  4 -1
WTC  WHTL STB 14 STB 13 STB  8 STB 15 STB 11  WHTL STB 14 STB 17 STB 12 STB 11 STB 10 - - - . - - -  4 -1
WTC  WHTL STB 14 STB 13 STB  8 STB 15 STB 11  WHTL STB 14 STB 17 STB 12 STB 11 STB 10 - - - . - - -  4 -1
WTC  WHTL STB 14 STB 13 STB  9 STB 15 STB 11  WHTL STB 14 STB 18 STB 12 STB 11 STB 10 - - - . - - -  4 -1
WTC  WHTL STB 14 STB 13 STB  9 STB 15 STB 11  WHTL STB 14 STB 18 STB 12 STB 11 STB 10 - - - . - - -  4 -1
WTC  WHTL STB 14 STB 13 STB  9 STB 16 STB 11  WHTL STB 14 STB 18 STB 11 STB 11 STB 10 - - - . - - -  4 -1
WTC  WHTL STB 14 STB 13 STB  9 STB 16 STB 11  WHTL STB 14 STB 18 STB 11 STB 11 STB 10 - - - . - - -  4 -1
WTC  WHTL STB 14 STB 13 STB  9 STB 16 STB 10  WHTL STB 14 STB 18 STB 11 STB 10 STB 10 - - - . - - -  4 -1
WTC  WHTL STB 14 STB 13 STB  9 STB 16 STB 10  WHTL STB 14 STB 18 STB 11 STB 10 STB 10 - - - . - - -  4 -1
WTC  WFRC STB 14 STB 13 STB  9 STB 16 STB 10  WHTL STB 14 STB 18 STB 11 STB 10 STB  9 - - - . - - -  4 -1
WTC  WFRC STB 14 STB 13 STB  9 STB 16 STB 10  WHTL STB 14 STB 18 STB 11 STB 10 STB  9 - - - . - - -  4 -1
WTC  WFRC STB 14 STB 13 STB  9 STB 16 STB 10  WFRC STB 14 STB 18 STB 11 STB 10 STB  9 - - - . - - -  4 -1
TRD  AETM STB 14 STB 13 STB  9 STB 16 STB 10  WFRC STB 14 STB 18 STB 11 STB 10 STB  9 - - - . - - -  4 -1
TRD  AETM STB 14 STB 13 STB  9 STB 16 STB 10  WFRC STB 14 STB 18 STB 11 STB 10 STB  9 - - - . - - -  4 -1
TRD  AETM STB 14 STB 13 STB  9 STB 16 STB 10  AETM STB 14 STB 18 STB 11 STB 10 STB  9 - - - . - - -  4 -1
TRD  AETM STB 14 STB 13 SIP  9 STB 16 STB 10  AETM STB 14 STB 18 STB 11 STB 10 STB  9 3 - - . - - -  4 -1
TRD  AETM STB 14 STB 13 SIP  9 SIP 16 STB 10  AETM STB 14 STB 18 STB 11 STB 10 STB  9 3 4 - . - - -  4 -1
TRD  AETM STB 14 STB 13 SIP  9 SIP 16 STB 10  AETM STB 14 SIP 18 STB 11 STB 10 STB  9 3 4 - . 2 - -  4 -1
TRD  AETM STB 14 SIP 13 SIP  9 SIP 16 STB 10  AETM STB 14 SIP 18 STB 11 STB 10 STB  9 3 4 2 . 2 - -  4 -1
TRD  AETM STB 14 SIP 13 SIP  9 SIP 16 STB 10  AETM SIP 14 SIP 18 STB 11 STB 10 STB  9 3 4 2 . 2 1 -  4 -1
TRD  AETM STB 14 SIP 13 SIP  9 SIP 16 STB 10  AETM SIP 14 SIP 18 STB 11 SIP 10 STB  9 3 4 2 . 2 1 4  4 -1
TRD  AETM STB 14 SIP 13 SIP  9 SIP 16 STB 10  WHTL SIP 14 SIP 18 STB 11 SIP 10 STB  9 3 4 2 . 2 1 4  4 -1
TRD  WHTL STB 14 SIP 13 SIP  9 SIP 16 STB 10  WHTL SIP 14 SIP 18 STB 11 SIP 10 STB  9 3 4 2 . 2 1 4  4 -1
WTC  WHTL STB 14 SIP 13 SIP  9 SIP 16 STB 10  WHTL SIP 14 SIP 18 STB 11 SIP 10 STB  9 3 4 2 . 2 1 4  4 -1
WTC  WHTL STB 14 DYB 13 DYB  9 DYB 16 STB 10  WHTL DYB 14 DYB 18 STB 11 DYB 10 STB  9 3 4 2 . 2 1 4  4 -1
WTC  WHTL STB 14 DYB 13 DYB  9 DYB 16 STB 10  WHTL DYB 14 DYB 18 STB 11 DYB 10 STB  9 3 4 2 . 2 1 4  4 -1
WTC  WHTL STB 14 DYB 13 DYB  9 DYB 16 STB 10  WHTL DYB 14 DYB 18 STB 11 DYB 10 STB  9 3 4 2 . 2 1 4  4 -1
WTC  WHTL STB 14 DYB 13 DYB  9 DYB 16 STB 10  WHTL DYB 14 DYB 18 STB 11 DYB 10 STB  9 3 4 2 . 2 1 4  4 -1
WTC  WHTL STB 14 DYB 13 DYB  9 DYB 16 STB 10  WHTL DYB 14 DYB 18 STB 11 DYB 10 STB  9 3 4 2 . 2 1 4  4 -1
WTC  WHTL STB 14 DYB 13 DYB  9 DYB 16 STB 10  WHTL DYB 14 DYB 18 STB 11 DYB 10 STB  9 3 4 2 . 2 1 4  4 -1
WTC  WHTL STB 14 DYB 13 DYB  9 DYB 16 STB 10  WHTL DYB 14 DYB 18 STB 11 DYB 10 STB  9 3 4 2 . 2 1 4  4  0
WTC  WHTL STB 14 DYB 13 DYB  9 DYB 16 STB 10  WHTL DYB 14 DYB 18 STB 11 DYB 10 STB  9 3 4 2 . 2 1 -  4  0
WTC  WHTL STB 14 DYB 13 DYB  9 DYB 16 STB 10  WHTL DYB 14 DYB 18 STB 11 DYB 10 STB  9 3 4 - . 2 1 -  5  0
WTC  WHTL STB 14 DYB 13 DYB  9 DYB 16 STB 10  WHTL DYB 14 DYB 18 STB 11 STB 10 STB  9 3 4 - . 2 1 -  5  0
WTC  WHTL STB 14 DYB 13 DYB  9 DYB 16 STB 10  WHTL DYB 14 DYB 18 STB 11 STB 10 STB  9 3 4 - . 1 - -  5  0
WTC  WHTL STB 14 STB 13 DYB  9 DYB 16 STB 10  WHTL DYB 14 DYB 18 STB 11 STB 10 STB  9 3 4 - . 1 - -  5  0
WTC  WHTL STB 14 STB 13 DYB  9 DYB 16 STB 10  WHTL DYB 14 STB 18 STB 11 STB 10 STB  9 3 4 - . - - -  5  0
WTC  WHTL STB 14 STB 13 DYB  9 DYB 16 STB 10  WHTL DYB 14 STB 18 STB 11 STB 10 STB  9 3 4 - . - - -  5  0
WTC  WHTL STB 14 STB 13 DYB  9 DYB 16 STB 10  WHTL DYB 14 STB 18 STB 11 STB 10 STB  9 3 - - . - - -  5  0
WTC  WHTL STB 14 STB 13 DYB  9 DYB 16 STB 10  WHTL STB 14 STB 18 STB 11 STB 10 STB  9 - - - . - - -  5  0
WTC  WHTL STB 14 STB 13 DYB  9 DYB 16 STB 10  WHTL STB 14 STB 18 STB 11 STB 10 STB  9 - - - . - - -  5  0
WTC  WHTL STB 14 STB 13 DYB  9 STB 16 STB 10  WHTL STB 14 STB 18 STB 11 STB 10 STB  9 - - - . - - -  5  0
WTC  WHTL STB 14 STB 13 STB  9 STB 16 STB 10  WHTL STB 13 STB 18 STB 11 STB 10 STB  9 - - - . - - -  5  0
WTC  WHTL STB 14 STB 13 STB  9 STB 16 STB 10  WHTL STB 13 STB 18 STB 11 STB 10 STB  9 - - - . - - -  5  0
WTC  WHTL STB 14 STB 13 STB  9 STB 16 STB 10  WHTL STB 13 STB 17 STB 11 STB 10 STB  9 - - - . - - -  5  0
WTC  WHTL STB 15 STB 13 STB  9 STB 16 STB 10  WHTL STB 13 STB 17 STB 11 STB 10 STB  9 - - - . - - -  5  0
WTC  WHTL STB 15 STB 13 STB  9 STB 16 STB 10  WHTL STB 13 STB 17 STB 12 STB 10 STB  9 - - - . - - -  5  0
WTC  WHTL STB 15 STB 12 STB  9 STB 16 STB 10  WHTL STB 13 STB 17 STB 12 STB 10 STB  9 - - - . - - -  5  0
WTC  WHTL STB 15 STB 12 STB  8 STB 16 STB 10  WHTL STB 13 STB 17 STB 12 STB  9 STB  9 - - - . - - -  5  0
WTC  WHTL STB 15 STB 12 STB  8 STB 16 STB 10  WHTL STB 13 STB 17 STB 12 STB  9 STB  9 - - - . - - -  5  0
WTC  WHTL STB 15 STB 12 STB  8 STB 16 STB 10  WHTL STB 13 STB 17 STB 12 STB  9 STB 10 - - - . - - -  5  0
WTC  WHTL STB 15 STB 12 STB  8 STB 15 STB 10  WHTL STB 13 STB 17 STB 12 STB  9 STB 10 - - - . - - -  5  0
WTC  WHTL STB 15 STB 12 STB  8 STB 15 STB 10  WFRC STB 13 STB 17 STB 12 STB  9 STB 10 - - - . - - -  5  0
WTC  WHTL STB 15 STB 12 STB  8 STB 15 STB 11  WFRC STB 13 STB 17 STB 12 STB  9 STB 10 - - - . - - -  5  0
WTC  WFRC STB 15 STB 12 STB  8 STB 15 STB 11  WFRC STB 13 STB 17 STB 12 STB  9 STB 10 - - - . - - -  5  0
TRD  WFRC STB 15 STB 12 STB  8 STB 15 STB 11  WFRC STB 13 STB 17 STB 12 STB  9 STB 10 - - - . - - -  5  0
TRD  AETM STB 15 STB 12 STB  8 STB 15 STB 11  WFRC STB 13 STB 17 STB 12 STB  9 STB 10 - - - . - - -  5  0
TRD  AETM STB 15 STB 12 STB  8 STB 15 STB 11  AETM STB 13 STB 17 STB 12 STB  9 STB 10 - - - . - - -  5  0
TRD  AETM STB 15 STB 12 STB  8 STB 15 SIP 11  AETM STB 13 STB 17 STB 12 STB  9 STB 10 5 - - . - - -  5  0
TRD  AETM STB 15 SIP 12 STB  8 STB 15 SIP 11  AETM STB 13 STB 17 STB 12 STB  9 STB 10 5 2 - . - - -  5  0
TRD  AETM STB 15 SIP 12 STB  8 SIP 15 SIP 11  AETM STB 13 STB 17 STB 12 STB  9 STB 10 5 2 4 . - - -  5  0
TRD  AETM STB 15 SIP 12 STB  8 SIP 15 SIP 11  AETM STB 13 STB 17 STB 12 STB  9 SIP 10 5 2 4 . 5 - -  5  0
TRD  AETM STB 15 SIP 12 STB  8 SIP 15 SIP 11  AETM STB 13 STB 17 SIP 12 STB  9 SIP 10 5 2 4 . 5 3 -  5  0
TRD  AETM STB 15 SIP 12 STB  8 SIP 15 SIP 11  AETM SIP 13 STB 17 SIP 12 STB  9 SIP 10 5 2 4 . 5 3 1  5  0
TRD  WHTL STB 15 SIP 12 STB  8 SIP 15 SIP 11  AETM SIP 13 STB 17 SIP 12 STB  9 SIP 10 5 2 4 . 5 3 1  5  0
TRD  WHTL STB 15 SIP 12 STB  8 SIP 15 SIP 11  WHTL SIP 13 STB 17 SIP 12 STB  9 SIP 10 5 2 4 . 5 3 1  5  0
WTC  WHTL STB 15 SIP 12 STB  8 SIP 15 SIP 11  WHTL SIP 13 STB 17 SIP 12 STB  9 SIP 10 5 2 4 . 5 3 1  5  0
WTC  WHTL STB 15 DYB 12 STB  8 DYB 15 DYB 11  WHTL DYB 13 STB 17 DYB 12 STB  9 DYB 10 5 2 4 . 5 3 1  5  0
WTC  WHTL STB 15 DYB 12 STB  8 DYB 15 DYB 11  WHTL DYB 13 STB 17 DYB 12 STB  9 DYB 10 5 2 4 . 5 3 1  5  0
WTC  WHTL STB 15 DYB 12 STB  8 DYB 15 DYB 11  WHTL DYB 13 STB 17 DYB 12 STB  9 DYB 10 5 2 4 . 5 3 1  5  0
WTC  WHTL STB 15 DYB 12 STB  8 DYB 15 DYB 11  WHTL DYB 13 STB 17 DYB 12 STB  9 DYB 10 5 2 4 . 5 3 1  5  0
WTC  WHTL STB 15 DYB 12 STB  8 DYB 15 DYB 11  WHTL DYB 13 STB 17 DYB 12 STB  9 DYB 10 5 2 4 . 5 3 1  5  0
WTC  WHTL STB 15 DYB 12 STB  8 DYB 15 DYB 11  WHTL DYB 13 STB 17 DYB 12 STB  9 DYB 10 5 2 4 . 5 3 1  5  0
WTC  WHTL STB 15 DYB 12 STB  8 DYB 15 DYB 11  WHTL DYB 13 STB 17 DYB 12 STB  9 DYB 10 5 2 4 . 5 3 1  5 -1
WTC  WHTL STB 15 DYB 12 STB  8 DYB 15 DYB 11  WHTL DYB 13 STB 17 DYB 12 STB  9 DYB 10 5 4 - . 5 3 1  5 -1
WTC  WHTL STB 15 DYB 12 STB  8 DYB 15 DYB 11  WHTL DYB 13 STB 17 DYB 12 STB  9 DYB 10 4 - - . 5 3 1  5 -1
WTC  WHTL STB 15 STB 12 STB  8 DYB 15 DYB 11  WHTL DYB 13 STB 17 DYB 12 STB  9 DYB 10 4 - - . 5 3 1  5 -1
WTC  WHTL STB 15 STB 12 STB  8 DYB 15 STB 11  WHTL DYB 13 STB 17 DYB 12 STB  9 DYB 10 - - - . 5 3 1  6 -1
WTC  WHTL STB 15 STB 12 STB  8 DYB 15 STB 11  WHTL DYB 13 STB 17 DYB 12 STB  9 DYB 10 - - - . 5 3 1  6 -1
WTC  WHTL STB 15 STB 12 STB  8 DYB 15 STB 11  WHTL DYB 13 STB 17 DYB 12 STB  9 DYB 10 - - - . 5 3 -  6 -1
WTC  WHTL STB 15 STB 12 STB  8 STB 15 STB 11  WHTL DYB 13 STB 17 DYB 12 STB  9 DYB 10 - - - . 5 - -  6 -1
WTC  WHTL STB 15 STB 12 STB  8 STB 15 STB 11  WHTL DYB 13 STB 17 DYB 12 STB  9 DYB 10 - - - . 5 - -  6 -1
WTC  WHTL STB 15 STB 12 STB  8 STB 15 STB 11  WHTL STB 13 STB 17 DYB 12 STB  9 DYB 10 - - - . - - -  6 -1
WTC  WHTL STB 15 STB 12 STB  8 STB 15 STB 11  WHTL STB 13 STB 17 DYB 12 STB  9 DYB 10 - - - . - - -  6 -1
WTC  WHTL STB 16 STB 12 STB  8 STB 15 STB 11  WHTL STB 13 STB 17 STB 12 STB  9 DYB 10 - - - . - - -  6 -1
WTC  WHTL STB 16 STB 12 STB  8 STB 15 STB 11  WHTL STB 13 STB 17 STB 12 STB  9 DYB 10 - - - . - - -  6 -1
WTC  WHTL STB 16 STB 12 STB  8 STB 15 STB 11  WHTL STB 13 STB 17 STB 12 STB  9 STB 10 - - - . - - -  6 -1
WTC  WHTL STB 16 STB 11 STB  8 STB 15 STB 11  WHTL STB 13 STB 17 STB 12 STB  9 STB 10 - - - . - - -  6 -1
WTC  WHTL STB 16 STB 11 STB  9 STB 15 STB 11  WHTL STB 12 STB 17 STB 12 STB  9 STB 10 - - - . - - -  6 -1
WTC  WHTL STB 16 STB 11 STB  9 STB 15 STB 11  WHTL STB 12 STB 17 STB 12 STB  9 STB 10 - - - . - - -  6 -1
WTC  WHTL STB 16 STB 11 STB  9 STB 14 STB 11  WHTL STB 12 STB 18 STB 12 STB  9 STB 10 - - - . - - -  6 -1
WTC  WHTL STB 16 STB 11 STB  9 STB 14 STB 11  WHTL STB 12 STB 18 STB 12 STB  9 STB 10 - - - . - - -  6 -1
WTC  WHTL STB 16 STB 11 STB  9 STB 14 STB 10  WHTL STB 12 STB 18 STB 11 STB  9 STB 10 - - - . - - -  6 -1
WTC  WHTL STB 16 STB 11 STB  9 STB 14 STB 10  WHTL STB 12 STB 18 STB 11 STB  9 STB 10 - - - . - - -  6 -1
WTC  WFRC STB 16 STB 11 STB  9 STB 14 STB 10  WHTL STB 12 STB 18 STB 11 STB 10 STB 10 - - - . - - -  6 -1
WTC  WFRC STB 16 STB 11 STB  9 STB 14 STB 10  WHTL STB 12 STB 18 STB 11 STB 10 STB 10 - - - . - - -  6 -1
WTC  WFRC STB 16 STB 11 STB  9 STB 14 STB 10  WHTL STB 12 STB 18 STB 11 STB 10 STB  9 - - - . - - -  6 -1
WTC  WFRC STB 16 STB 11 STB  9 STB 14 STB 10  WFRC STB 12 STB 18 STB 11 STB 10 STB  9 - - - . - - -  6 -1
WTC  AETM STB 16 STB 11 STB  9 STB 14 STB 10  WFRC STB 12 STB 18 STB 11 STB 10 STB  9 - - - . - - -  6 -1
TRD  AETM STB 16 STB 11 STB  9 STB 14 STB 10  WFRC STB 12 STB 18 STB 11 STB 10 STB  9 - - - . - - -  6 -1
TRD  AETM STB 16 STB 11 SIP  9 STB 14 STB 10  WFRC STB 12 STB 18 STB 11 STB 10 STB  9 3 - - . - - -  6 -1
TRD  AETM SIP 16 STB 11 SIP  9 STB 14 STB 10  WFRC STB 12 STB 18 STB 11 STB 10 STB  9 3 1 - . - - -  6 -1
TRD  AETM SIP 16 STB 11 SIP  9 STB 14 STB 10  AETM STB 12 STB 18 STB 11 STB 10 STB  9 3 1 - . - - -  6 -1
TRD  AETM SIP 16 STB 11 SIP  9 SIP 14 STB 10  AETM STB 12 STB 18 STB 11 STB 10 STB  9 3 1 4 . - - -  6 -1
TRD  AETM SIP 16 STB 11 SIP  9 SIP 14 STB 10  AETM STB 12 STB 18 STB 11 SIP 10 STB  9 3 1 4 . 4 - -  6 -1
TRD  AETM SIP 16 STB 11 SIP  9 SIP 14 STB 10  AETM SIP 12 STB 18 STB 11 SIP 10 STB  9 3 1 4 . 4 1 -  6 -1
TRD  AETM SIP 16 STB 11 SIP  9 SIP 14 STB 10  AETM SIP 12 STB 18 SIP 11 SIP 10 STB  9 3 1 4 . 4 1 3  6 -1
TRD  WHTL SIP 16 STB 11 SIP  9 SIP 14 STB 10  AETM SIP 12 STB 18 SIP 11 SIP 10 STB  9 3 1 4 . 4 1 3  6 -1
TRD  WHTL SIP 16 STB 11 SIP  9 SIP 14 STB 10  WHTL SIP 12 STB 18 SIP 11 SIP 10 STB  9 3 1 4 . 4 1 3  6 -1
WTC  WHTL SIP 16 STB 11 SIP  9 SIP 14 STB 10  WHTL SIP 12 STB 18 SIP 11 SIP 10 STB  9 3 1 4 . 4 1 3  6 -1
WTC  WHTL DYB 16 STB 11 DYB  9 DYB 14 STB 10  WHTL DYB 12 STB 18 DYB 11 DYB 10 STB  9 3 1 4 . 4 1 3  6 -1
WTC  WHTL DYB 16 STB 11 DYB  9 DYB 14 STB 10  WHTL DYB 12 STB 18 DYB 11 DYB 10 STB  9 3 1 4 . 4 1 3  6 -1
WTC  WHTL DYB 16 STB 11 DYB  9 DYB 14 STB 10  WHTL DYB 12 STB 18 DYB 11 DYB 10 STB  9 3 1 4 . 4 1 3  6 -1
WTC  WHTL DYB 16 STB 11 DYB  9 DYB 14 STB 10  WHTL DYB 12 STB 18 DYB 11 DYB 10 STB  9 3 1 4 . 4 1 3  6 -1
WTC  WHTL DYB 16 STB 11 DYB  9 DYB 14 STB 10  WHTL DYB 12 STB 18 DYB 11 DYB 10 STB  9 3 1 4 . 4 1 3  6 -1
WTC  WHTL DYB 16 STB 11 DYB  9 DYB 14 STB 10  WHTL DYB 12 STB 18 DYB 11 DYB 10 STB  9 3 1 4 . 4 1 3  6 -1
WTC  WHTL DYB 16 STB 11 DYB  9 DYB 14 STB 10  WHTL DYB 12 STB 18 DYB 11 DYB 10 STB  9 3 1 4 . 4 1 3  6 -2
WTC  WHTL DYB 16 STB 11 DYB  9 DYB 14 STB 10  WHTL DYB 12 STB 18 DYB 11 DYB 10 STB  9 3 4 - . 4 1 3  6 -2
WTC  WHTL DYB 16 STB 11 DYB  9 DYB 14 STB 10  WHTL DYB 12 STB 18 DYB 11 DYB 10 STB  9 4 - - . 4 1 3  6 -2
WTC  WHTL STB 16 STB 11 DYB  9 DYB 14 STB 10  WHTL DYB 12 STB 18 DYB 11 DYB 10 STB  9 - - - . 4 1 3  6 -2
WTC  WHTL STB 16 STB 11 DYB  9 DYB 14 STB 10  WHTL DYB 12 STB 18 DYB 11 DYB 10 STB  9 - - - . 4 1 3  6 -2
WTC  WHTL STB 16 STB 11 STB  9 DYB 14 STB 10  WHTL DYB 12 STB 18 DYB 11 DYB 10 STB  9 - - - . 4 1 3  6 -2
WTC  WHTL STB 16 STB 11 STB  9 DYB 14 STB 10  WHTL DYB 12 STB 18 DYB 11 DYB 10 STB  9 - - - . 1 3 -  6 -2
WTC  WHTL STB 16 STB 11 STB  9 STB 14 STB 10  WHTL DYB 12 STB 18 DYB 11 DYB 10 STB  9 - - - . 1 - -  6 -2
WTC  WHTL STB 16 STB 11 STB  9 STB 14 STB 10  WHTL DYB 12 STB 18 DYB 11 DYB 10 STB  9 - - - . 1 - -  6 -2
WTC  WHTL STB 16 STB 11 STB  9 STB 14 STB 10  WHTL DYB 12 STB 18 DYB 11 STB 10 STB  9 - - - . - - -  6 -2
WTC  WHTL STB 16 STB 11 STB  9 STB 14 STB 10  WHTL DYB 12 STB 18 DYB 11 STB 10 STB  9 - - - . - - -  6 -2
WTC  WHTL STB 15 STB 11 STB  9 STB 14 STB 10  WHTL DYB 12 STB 18 STB 11 STB 10 STB  9 - - - . - - -  6 -2
WTC  WHTL STB 15 STB 11 STB  9 STB 14 STB 10  WHTL DYB 12 STB 18 STB 11 STB 10 STB  9 - - - . - - -  6 -2
WTC  WHTL STB 15 STB 11 STB  9 STB 14 STB 10  WHTL STB 12 STB 18 STB 11 STB 10 STB  9 - - - . - - -  6 -2
EOG  WHTL STB 15 STB 12 STB  9 STB 14 STB 10  WHTL STB 12 STB 18 STB 11 STB 10 STB  9 - - - . - - -  6 -2
EOG  WHTL STB 15 STB 12 STB  9 STB 14 STB 10  WHTL STB 12 STB 18 STB 11 STB 10 STB  9 - - - . - - -  6 -2
EOG  WHTL STB 15 STB 12 STB  8 STB 14 STB 10  WHTL STB 11 STB 18 STB 11 STB 10 STB  9 - - - . - - -  6 -2
EOG  WHTL STB 15 STB 12 STB  8 STB 14 STB 10  WHTL STB 11 STB 18 STB 11 STB 10 STB  9 - - - . - - -  6 -2
Game 1 was won by team 1 by points.
EOG  WHTL STB 15 STB 12 STB  8 STB 13 STB 10  WHTL STB 11 STB 19 STB 11 STB 10 STB  9 - - - . - - -  6 -2
EOG  WHTL STB 15 STB 12 STB  8 STB 13 STB 10  WHTL STB 11 STB 19 STB 11 STB 10 STB  9 - - - . - - -  6 -2
EOG  WHTL STB 15 STB 12 STB  8 STB 13 STB 11  WHTL STB 11 STB 19 STB 10 STB 10 STB  9 - - - . - - -  6 -2
EOG  WHTL STB 15 STB 12 STB  8 STB 13 STB 11  WHTL STB 11 STB 19 STB 10 STB 10 STB  9 - - - . - - -  6 -2
EOG  WFRC STB 15 STB 12 STB  8 STB 13 STB 11  WHTL STB 11 STB 19 STB 10 STB  9 STB  9 - - - . - - -  1  0
EOG  WFRC STB 15 STB 12 STB  8 STB 13 STB 11  WHTL STB 11 STB 19 STB 10 STB  9 STB  9 - - - . - - -  1  0
EOG  WFRC STB 15 STB 12 STB  8 STB 13 STB 11  WHTL STB 11 STB 19 STB 10 STB  9 STB 10 - - - . - - -  1  0
Game 2
Ref Coa 1 Cont 1 Cont 2 Cont 3 Cont 4 Cont 5 Coa 2 Cont 1 Cont 2 Cont 3 Cont 4 Cont 5 Trial
Sta  Stat Sta SG Sta SG Sta SG Sta SG Sta SG  Stat Sta SG Sta SG Sta SG Sta SG Sta SG 3 2 1 . 1 2 3 NB PS
SOG  WFRC STB 15 STB 12 STB  8 STB 13 STB 11  WFRC STB 11 STB 19 STB 10 STB  9 STB 10 - - - . - - -  1  0
SOG  WFRC STB 15 STB 12 STB  8 STB 13 STB 11  WFRC STB 11 STB 19 STB 10 STB  9 STB 10 - - - . - - -  1  0
TRD  WFRC STB 15 STB 12 STB  8 STB 13 STB 11  WFRC STB 11 STB 19 STB 10 STB  9 STB 10 - - - . - - -  1  0
TRD  AETM STB 15 STB 12 STB  8 STB 13 STB 11  WFRC STB 11 STB 19 STB 10 STB  9 STB 10 - - - . - - -  1  0
TRD  AETM STB 15 STB 12 STB  8 STB 13 STB 11  AETM STB 11 STB 19 STB 10 STB  9 STB 10 - - - . - - -  1  0
TRD  AETM STB 15 SIP 12 STB  8 STB 13 STB 11  AETM STB 11 STB 19 STB 10 STB  9 STB 10 2 - - . - - -  1  0
TRD  AETM STB 15 SIP 12 STB  8 SIP 13 STB 11  AETM STB 11 STB 19 STB 10 STB  9 STB 10 2 4 - . - - -  1  0
TRD  AETM STB 15 SIP 12 SIP  8 SIP 13 STB 11  AETM STB 11 STB 19 STB 10 STB  9 STB 10 2 4 3 . - - -  1  0
TRD  AETM STB 15 SIP 12 SIP  8 SIP 13 STB 11  AETM STB 11 SIP 19 STB 10 STB  9 STB 10 2 4 3 . 2 - -  1  0
TRD  AETM STB 15 SIP 12 SIP  8 SIP 13 STB 11  AETM SIP 11 SIP 19 STB 10 STB  9 STB 10 2 4 3 . 2 1 -  1  0
TRD  AETM STB 15 SIP 12 SIP  8 SIP 13 STB 11  AETM SIP 11 SIP 19 SIP 10 STB  9 STB 10 2 4 3 . 2 1 3  1  0
TRD  WHTL STB 15 SIP 12 SIP  8 SIP 13 STB 11  AETM SIP 11 SIP 19 SIP 10 STB  9 STB 10 2 4 3 . 2 1 3  1  0
TRD  WHTL STB 15 SIP 12 SIP  8 SIP 13 STB 11  WHTL SIP 11 SIP 19 SIP 10 STB  9 STB 10 2 4 3 . 2 1 3  1  0
WTC  WHTL STB 15 SIP 12 SIP  8 SIP 13 STB 11  WHTL SIP 11 SIP 19 SIP 10 STB  9 STB 10 2 4 3 . 2 1 3  1  0
WTC  WHTL STB 15 DYB 12 DYB  8 DYB 13 STB 11  WHTL DYB 11 DYB 19 DYB 10 STB  9 STB 10 2 4 3 . 2 1 3  1  0
WTC  WHTL STB 15 DYB 12 DYB  8 DYB 13 STB 11  WHTL DYB 11 DYB 19 DYB 10 STB  9 STB 10 2 4 3 . 2 1 3  1  0
WTC  WHTL STB 15 DYB 12 DYB  8 DYB 13 STB 11  WHTL DYB 11 DYB 19 DYB 10 STB  9 STB 10 2 4 3 . 2 1 3  1  0
WTC  WHTL STB 15 DYB 12 DYB  8 DYB 13 STB 11  WHTL DYB 11 DYB 19 DYB 10 STB  9 STB 10 2 4 3 . 2 1 3  1  0
WTC  WHTL STB 15 DYB 12 DYB  8 DYB 13 STB 11  WHTL DYB 11 DYB 19 DYB 10 STB  9 STB 10 2 4 3 . 2 1 3  1  0
WTC  WHTL STB 15 DYB 12 DYB  8 DYB 13 STB 11  WHTL DYB 11 DYB 19 DYB 10 STB  9 STB 10 2 4 3 . 2 1 3  1  0
WTC  WHTL STB 15 DYB 12 DYB  8 DYB 13 STB 11  WHTL DYB 11 DYB 19 DYB 10 STB  9 STB 10 2 4 3 . 2 1 3  1  1
WTC  WHTL STB 15 DYB 12 DYB  8 DYB 13 STB 11  WHTL DYB 11 DYB 19 DYB 10 STB  9 STB 10 4 3 - . 2 1 3  1  1
WTC  WHTL STB 15 DYB 12 DYB  8 DYB 13 STB 11  WHTL DYB 11 DYB 19 DYB 10 STB  9 STB 10 4 3 - . 2 3 -  2  1
WTC  WHTL STB 15 STB 12 DYB  8 DYB 13 STB 11  WHTL DYB 11 DYB 19 DYB 10 STB  9 STB 10 4 3 - . 2 3 -  2  1
WTC  WHTL STB 15 STB 12 DYB  8 DYB 13 STB 11  WHTL DYB 11 DYB 19 DYB 10 STB  9 STB 10 4 3 - . 2 - -  2  1
WTC  WHTL STB 15 STB 12 DYB  8 DYB 13 STB 11  WHTL STB 11 DYB 19 DYB 10 STB  9 STB 10 4 3 - . 2 - -  2  1
WTC  WHTL STB 15 STB 12 DYB  8 DYB 13 STB 11  WHTL STB 11 DYB 19 DYB 10 STB  9 STB 10 4 3 - . - - -  2  1
WTC  WHTL STB 15 STB 12 DYB  8 DYB 13 STB 11  WHTL STB 11 DYB 19 STB 10 STB  9 STB 10 4 3 - . - - -  2  1
WTC  WHTL STB 15 STB 12 DYB  8 DYB 13 STB 11  WHTL STB 11 DYB 19 STB 10 STB  9 STB 10 3 - - . - - -  2  1
WTC  WHTL STB 15 STB 12 DYB  8 DYB 13 STB 11  WHTL STB 11 STB 19 STB 10 STB  9 STB 10 - - - . - - -  2  1
WTC  WHTL STB 15 STB 12 DYB  8 DYB 13 STB 11  WHTL STB 11 STB 19 STB 10 STB  9 STB 10 - - - . - - -  2  1
WTC  WHTL STB 15 STB 12 DYB  8 STB 13 STB 11  WHTL STB 11 STB 19 STB 10 STB  9 STB 10 - - - . - - -  2  1
WTC  WHTL STB 15 STB 12 STB  8 STB 13 STB 11  WHTL STB 10 STB 19 STB 10 STB  9 STB 10 - - - . - - -  2  1
WTC  WHTL STB 15 STB 12 STB  8 STB 13 STB 11  WHTL STB 10 STB 19 STB 10 STB  9 STB 10 - - - . - - -  2  1
WTC  WHTL STB 16 STB 12 STB  8 STB 13 STB 11  WHTL STB 10 STB 18 STB 10 STB  9 STB 10 - - - . - - -  2  1
WTC  WHTL STB 16 STB 12 STB  8 STB 13 STB 11  WHTL STB 10 STB 18 STB 10 STB  9 STB 10 - - - . - - -  2  1
WTC  WHTL STB 16 STB 11 STB  8 STB 13 STB 11  WHTL STB 10 STB 18 STB  9 STB  9 STB 10 - - - . - - -  2  1
WTC  WHTL STB 16 STB 11 STB  8 STB 13 STB 11  WHTL STB 10 STB 18 STB  9 STB  9 STB 10 - - - . - - -  2  1
WTC  WHTL STB 16 STB 11 STB  7 STB 13 STB 11  WHTL STB 10 STB 18 STB  9 STB 10 STB 10 - - - . - - -  2  1
WTC  WHTL STB 16 STB 11 STB  7 STB 13 STB 11  WHTL STB 10 STB 18 STB  9 STB 10 STB 10 - - - . - - -  2  1
WTC  WHTL STB 16 STB 11 STB  7 STB 12 STB 11  WHTL STB 10 STB 18 STB  9 STB 10 STB 11 - - - . - - -  2  1
WTC  WHTL STB 16 STB 11 STB  7 STB 12 STB 11  WHTL STB 10 STB 18 STB  9 STB 10 STB 11 - - - . - - -  2  1
WTC  WHTL STB 16 STB 11 STB  7 STB 12 STB 12  WFRC STB 10 STB 18 STB  9 STB 10 STB 11 - - - . - - -  2  1
WTC  WHTL STB 16 STB 11 STB  7 STB 12 STB 12  WFRC STB 10 STB 18 STB  9 STB 10 STB 11 - - - . - - -  2  1
WTC  WFRC STB 16 STB 11 STB  7 STB 12 STB 12  WFRC STB 10 STB 18 STB  9 STB 10 STB 11 - - - . - - -  2  1
TRD  WFRC STB 16 STB 11 STB  7 STB 12 STB 12  WFRC STB 10 STB 18 STB  9 STB 10 STB 11 - - - . - - -  2  1
TRD  AETM STB 16 STB 11 STB  7 STB 12 STB 12  WFRC STB 10 STB 18 STB  9 STB 10 STB 11 - - - . - - -  2  1
TRD  AETM STB 16 STB 11 STB  7 STB 12 STB 12  AETM STB 10 STB 18 STB  9 STB 10 STB 11 - - - . - - -  2  1
TRD  AETM STB 16 SIP 11 STB  7 STB 12 STB 12  AETM STB 10 STB 18 STB  9 STB 10 STB 11 2 - - . - - -  2  1
TRD  AETM STB 16 SIP 11 STB  7 STB 12 STB 12  AETM STB 10 STB 18 STB  9 SIP 10 STB 11 2 - - . 4 - -  2  1
TRD  AETM STB 16 SIP 11 STB  7 SIP 12 STB 12  AETM STB 10 STB 18 STB  9 SIP 10 STB 11 2 4 - . 4 - -  2  1
TRD  AETM STB 16 SIP 11 SIP  7 SIP 12 STB 12  AETM STB 10 STB 18 STB  9 SIP 10 STB 11 2 4 3 . 4 - -  2  1
TRD  AETM STB 16 SIP 11 SIP  7 SIP 12 STB 12  AETM STB 10 SIP 18 STB  9 SIP 10 STB 11 2 4 3 . 4 2 -  2  1
TRD  AETM STB 16 SIP 11 SIP  7 SIP 12 STB 12  AETM STB 10 SIP 18 SIP  9 SIP 10 STB 11 2 4 3 . 4 2 3  2  1
TRD  WHTL STB 16 SIP 11 SIP  7 SIP 12 STB 12  AETM STB 10 SIP 18 SIP  9 SIP 10 STB 11 2 4 3 . 4 2 3  2  1
TRD  WHTL STB 16 SIP 11 SIP  7 SIP 12 STB 12  WHTL STB 10 SIP 18 SIP  9 SIP 10 STB 11 2 4 3 . 4 2 3  2  1
WTC  WHTL STB 16 SIP 11 SIP  7 SIP 12 STB 12  WHTL STB 10 SIP 18 SIP  9 SIP 10 STB 11 2 4 3 . 4 2 3  2  1
WTC  WHTL STB 16 DYB 11 DYB  7 DYB 12 STB 12  WHTL STB 10 DYB 18 DYB  9 DYB 10 STB 11 2 4 3 . 4 2 3  2  1
WTC  WHTL STB 16 DYB 11 DYB  7 DYB 12 STB 12  WHTL STB 10 DYB 18 DYB  9 DYB 10 STB 11 2 4 3 . 4 2 3  2  1
WTC  WHTL STB 16 DYB 11 DYB  7 DYB 12 STB 12  WHTL STB 10 DYB 18 DYB  9 DYB 10 STB 11 2 4 3 . 4 2 3  2  1
WTC  WHTL STB 16 DYB 11 DYB  7 DYB 12 STB 12  WHTL STB 10 DYB 18 DYB  9 DYB 10 STB 11 2 4 3 . 4 2 3  2  1
WTC  WHTL STB 16 DYB 11 DYB  7 DYB 12 STB 12  WHTL STB 10 DYB 18 DYB  9 DYB 10 STB 11 2 4 3 . 4 2 3  2  1
WTC  WHTL STB 16 DYB 11 DYB  7 DYB 12 STB 12  WHTL STB 10 DYB 18 DYB  9 DYB 10 STB 11 2 4 3 . 4 2 3  2  1
WTC  WHTL STB 16 DYB 11 DYB  7 DYB 12 STB 12  WHTL STB 10 DYB 18 DYB  9 DYB 10 STB 11 2 4 3 . 4 2 3  2  2
WTC  WHTL STB 16 DYB 11 DYB  7 DYB 12 STB 12  WHTL STB 10 DYB 18 DYB  9 DYB 10 STB 11 4 3 - . 4 2 3  2  2
WTC  WHTL STB 16 DYB 11 DYB  7 DYB 12 STB 12  WHTL STB 10 DYB 18 DYB  9 DYB 10 STB 11 3 - - . 4 2 3  3  2
WTC  WHTL STB 16 STB 11 DYB  7 DYB 12 STB 12  WHTL STB 10 DYB 18 DYB  9 DYB 10 STB 11 3 - - . 2 3 -  3  2
WTC  WHTL STB 16 STB 11 DYB  7 DYB 12 STB 12  WHTL STB 10 DYB 18 DYB  9 DYB 10 STB 11 3 - - . 2 3 -  3  2
WTC  WHTL STB 16 STB 11 DYB  7 STB 12 STB 12  WHTL STB 10 DYB 18 DYB  9 DYB 10 STB 11 - - - . 2 3 -  3  2
WTC  WHTL STB 16 STB 11 DYB  7 STB 12 STB 12  WHTL STB 10 DYB 18 DYB  9 DYB 10 STB 11 - - - . 2 3 -  3  2
WTC  WHTL STB 16 STB 11 DYB  7 STB 12 STB 12  WHTL STB 10 DYB 18 DYB  9 STB 10 STB 11 - - - . 2 3 -  3  2
WTC  WHTL STB 16 STB 11 DYB  7 STB 12 STB 12  WHTL STB 10 DYB 18 DYB  9 STB 10 STB 11 - - - . 2 - -  3  2
WTC  WHTL STB 16 STB 11 STB  7 STB 12 STB 12  WHTL STB 10 DYB 18 DYB  9 STB 10 STB 11 - - - . - - -  3  2
WTC  WHTL STB 16 STB 11 STB  7 STB 12 STB 12  WHTL STB 10 DYB 18 STB  9 STB 10 STB 11 - - - . - - -  3  2
WTC  WHTL STB 16 STB 11 STB  7 STB 12 STB 12  WHTL STB 10 DYB 18 STB  9 STB 10 STB 11 - - - . - - -  3  2
WTC  WHTL STB 17 STB 11 STB  7 STB 12 STB 12  WHTL STB 10 STB 18 STB  9 STB 10 STB 11 - - - . - - -  3  2
WTC  WHTL STB 17 STB 11 STB  7 STB 12 STB 12  WHTL STB 10 STB 18 STB  9 STB 10 STB 11 - - - . - - -  3  2
WTC  WHTL STB 17 STB 10 STB  7 STB 12 STB 12  WHTL STB 10 STB 18 STB  9 STB 10 STB 11 - - - . - - -  3  2
WTC  WHTL STB 17 STB 10 STB  7 STB 12 STB 12  WHTL STB 11 STB 18 STB  9 STB 10 STB 11 - - - . - - -  3  2
WTC  WHTL STB 17 STB 10 STB  6 STB 12 STB 12  WHTL STB 11 STB 18 STB  9 STB 10 STB 11 - - - . - - -  3  2
WTC  WHTL STB 17 STB 10 STB  6 STB 12 STB 12  WHTL STB 11 STB 17 STB  9 STB 10 STB 11 - - - . - - -  3  2
WTC  WHTL STB 17 STB 10 STB  6 STB 11 STB 12  WHTL STB 11 STB 17 STB  9 STB 10 STB 11 - - - . - - -  3  2
WTC  WHTL STB 17 STB 10 STB  6 STB 11 STB 12  WHTL STB 11 STB 17 STB  8 STB 10 STB 11 - - - . - - -  3  2
WTC  WHTL STB 17 STB 10 STB  6 STB 11 STB 13  WHTL STB 11 STB 17 STB  8 STB 10 STB 11 - - - . - - -  3  2
WTC  WHTL STB 17 STB 10 STB  6 STB 11 STB 13  WHTL STB 11 STB 17 STB  8 STB  9 STB 11 - - - . - - -  3  2
WTC  WFRC STB 17 STB 10 STB  6 STB 11 STB 13  WHTL STB 11 STB 17 STB  8 STB  9 STB 11 - - - . - - -  3  2
WTC  WFRC STB 17 STB 10 STB  6 STB 11 STB 13  WHTL STB 11 STB 17 STB  8 STB  9 STB 12 - - - . - - -  3  2
WTC  WFRC STB 17 STB 10 STB  6 STB 11 STB 13  WFRC STB 11 STB 17 STB  8 STB  9 STB 12 - - - . - - -  3  2
TRD  AETM STB 17 STB 10 STB  6 STB 11 STB 13  WFRC STB 11 STB 17 STB  8 STB  9 STB 12 - - - . - - -  3  2
TRD  AETM STB 17 STB 10 STB  6 STB 11 STB 13  WFRC STB 11 STB 17 STB  8 STB  9 STB 12 - - - . - - -  3  2
TRD  AETM STB 17 STB 10 STB  6 STB 11 STB 13  AETM STB 11 STB 17 STB  8 STB  9 STB 12 - - - . - - -  3  2
TRD  AETM STB 17 SIP 10 STB  6 STB 11 STB 13  AETM STB 11 STB 17 STB  8 STB  9 STB 12 2 - - . - - -  3  2
TRD  AETM SIP 17 SIP 10 STB  6 STB 11 STB 13  AETM STB 11 STB 17 STB  8 STB  9 STB 12 2 1 - . - - -  3  2
TRD  AETM SIP 17 SIP 10 STB  6 STB 11 SIP 13  AETM STB 11 STB 17 STB  8 STB  9 STB 12 2 1 5 . - - -  3  2
TRD  AETM SIP 17 SIP 10 STB  6 STB 11 SIP 13  AETM STB 11 STB 17 STB  8 STB  9 SIP 12 2 1 5 . 5 - -  3  2
TRD  AETM SIP 17 SIP 10 STB  6 STB 11 SIP 13  AETM SIP 11 STB 17 STB  8 STB  9 SIP 12 2 1 5 . 5 1 -  3  2
TRD  AETM SIP 17 SIP 10 STB  6 STB 11 SIP 13  AETM SIP 11 SIP 17 STB  8 STB  9 SIP 12 2 1 5 . 5 1 2  3  2
TRD  AETM SIP 17 SIP 10 STB  6 STB 11 SIP 13  WHTL SIP 11 SIP 17 STB  8 STB  9 SIP 12 2 1 5 . 5 1 2  3  2
TRD  WHTL SIP 17 SIP 10 STB  6 STB 11 SIP 13  WHTL SIP 11 SIP 17 STB  8 STB  9 SIP 12 2 1 5 . 5 1 2  3  2
WTC  WHTL SIP 17 SIP 10 STB  6 STB 11 SIP 13  WHTL SIP 11 SIP 17 STB  8 STB  9 SIP 12 2 1 5 . 5 1 2  3  2
WTC  WHTL DYB 17 DYB 10 STB  6 STB 11 DYB 13  WHTL DYB 11 DYB 17 STB  8 STB  9 DYB 12 2 1 5 . 5 1 2  3  2
WTC  WHTL DYB 17 DYB 10 STB  6 STB 11 DYB 13  WHTL DYB 11 DYB 17 STB  8 STB  9 DYB 12 2 1 5 . 5 1 2  3  2
WTC  WHTL DYB 17 DYB 10 STB  6 STB 11 DYB 13  WHTL DYB 11 DYB 17 STB  8 STB  9 DYB 12 2 1 5 . 5 1 2  3  2
WTC  WHTL DYB 17 DYB 10 STB  6 STB 11 DYB 13  WHTL DYB 11 DYB 17 STB  8 STB  9 DYB 12 2 1 5 . 5 1 2  3  2
WTC  WHTL DYB 17 DYB 10 STB  6 STB 11 DYB 13  WHTL DYB 11 DYB 17 STB  8 STB  9 DYB 12 2 1 5 . 5 1 2  3  2
WTC  WHTL DYB 17 DYB 10 STB  6 STB 11 DYB 13  WHTL DYB 11 DYB 17 STB  8 STB  9 DYB 12 2 1 5 . 5 1 2  3  2
WTC  WHTL DYB 17 DYB 10 STB  6 STB 11 DYB 13  WHTL DYB 11 DYB 17 STB  8 STB  9 DYB 12 2 1 5 . 5 1 2  3  2
WTC  WHTL DYB 17 DYB 10 STB  6 STB 11 DYB 13  WHTL DYB 11 DYB 17 STB  8 STB  9 DYB 12 1 5 - . 5 1 2  3  2
WTC  WHTL DYB 17 DYB 10 STB  6 STB 11 DYB 13  WHTL DYB 11 DYB 17 STB  8 STB  9 DYB 12 1 5 - . 5 2 -  4  2
WTC  WHTL DYB 17 STB 10 STB  6 STB 11 DYB 13  WHTL DYB 11 DYB 17 STB  8 STB  9 DYB 12 1 5 - . 5 2 -  4  2
WTC  WHTL DYB 17 STB 10 STB  6 STB 11 DYB 13  WHTL DYB 11 DYB 17 STB  8 STB  9 DYB 12 1 5 - . 5 - -  4  2
WTC  WHTL DYB 17 STB 10 STB  6 STB 11 DYB 13  WHTL STB 11 DYB 17 STB  8 STB  9 DYB 12 1 5 - . - - -  4  2
WTC  WHTL DYB 17 STB 10 STB  6 STB 11 DYB 13  WHTL STB 11 DYB 17 STB  8 STB  9 DYB 12 1 5 - . - - -  4  2
WTC  WHTL DYB 17 STB 10 STB  6 STB 11 DYB 13  WHTL STB 11 STB 17 STB  8 STB  9 DYB 12 1 - - . - - -  4  2
WTC  WHTL DYB 17 STB 10 STB  6 STB 11 DYB 13  WHTL STB 11 STB 17 STB  8 STB  9 DYB 12 1 - - . - - -  4  2
WTC  WHTL DYB 17 STB 10 STB  6 STB 11 DYB 13  WHTL STB 11 STB 17 STB  8 STB  9 STB 12 - - - . - - -  4  2
WTC  WHTL DYB 17 STB 10 STB  6 STB 11 DYB 13  WHTL STB 11 STB 17 STB  8 STB  9 STB 12 - - - . - - -  4  2
WTC  WHTL DYB 17 STB 10 STB  6 STB 11 STB 13  WHTL STB 11 STB 17 STB  8 STB  9 STB 12 - - - . - - -  4  2
WTC  WHTL STB 17 STB 10 STB  6 STB 11 STB 13  WHTL STB 10 STB 17 STB  8 STB  9 STB 12 - - - . - - -  4  2
WTC  WHTL STB 17 STB 10 STB  6 STB 11 STB 13  WHTL STB 10 STB 17 STB  8 STB  9 STB 12 - - - . - - -  4  2
WTC  WHTL STB 16 STB 10 STB  6 STB 11 STB 13  WHTL STB 10 STB 16 STB  8 STB  9 STB 12 - - - . - - -  4  2
WTC  WHTL STB 16 STB 10 STB  6 STB 11 STB 13  WHTL STB 10 STB 16 STB  8 STB  9 STB 12 - - - . - - -  4  2
WTC  WHTL STB 16 STB  9 STB  6 STB 11 STB 13  WHTL STB 10 STB 16 STB  9 STB  9 STB 12 - - - . - - -  4  2
WTC  WHTL STB 16 STB  9 STB  6 STB 11 STB 13  WHTL STB 10 STB 16 STB  9 STB  9 STB 12 - - - . - - -  4  2
WTC  WHTL STB 16 STB  9 STB  7 STB 11 STB 13  WHTL STB 10 STB 16 STB  9 STB 10 STB 12 - - - . - - -  4  2
WTC  WHTL STB 16 STB  9 STB  7 STB 11 STB 13  WHTL STB 10 STB 16 STB  9 STB 10 STB 12 - - - . - - -  4  2
WTC  WHTL STB 16 STB  9 STB  7 STB 12 STB 13  WHTL STB 10 STB 16 STB  9 STB 10 STB 11 - - - . - - -  4  2
WTC  WHTL STB 16 STB  9 STB  7 STB 12 STB 13  WHTL STB 10 STB 16 STB  9 STB 10 STB 11 - - - . - - -  4  2
WTC  WHTL STB 16 STB  9 STB  7 STB 12 STB 12  WFRC STB 10 STB 16 STB  9 STB 10 STB 11 - - - . - - -  4  2
WTC  WHTL STB 16 STB  9 STB  7 STB 12 STB 12  WFRC STB 10 STB 16 STB  9 STB 10 STB 11 - - - . - - -  4  2
WTC  WFRC STB 16 STB  9 STB  7 STB 12 STB 12  WFRC STB 10 STB 16 STB  9 STB 10 STB 11 - - - . - - -  4  2
TRD  WFRC STB 16 STB  9 STB  7 STB 12 STB 12  WFRC STB 10 STB 16 STB  9 STB 10 STB 11 - - - . - - -  4  2
TRD  AETM STB 16 STB  9 STB  7 STB 12 STB 12  WFRC STB 10 STB 16 STB  9 STB 10 STB 11 - - - . - - -  4  2
TRD  AETM STB 16 STB  9 STB  7 STB 12 STB 12  AETM STB 10 STB 16 STB  9 STB 10 STB 11 - - - . - - -  4  2
TRD  AETM STB 16 SIP  9 STB  7 STB 12 STB 12  AETM STB 10 STB 16 STB  9 STB 10 STB 11 2 - - . - - -  4  2
TRD  AETM STB 16 SIP  9 SIP  7 STB 12 STB 12  AETM STB 10 STB 16 STB  9 STB 10 STB 11 2 3 - . - - -  4  2
TRD  AETM SIP 16 SIP  9 SIP  7 STB 12 STB 12  AETM STB 10 STB 16 STB  9 STB 10 STB 11 2 3 1 . - - -  4  2
TRD  AETM SIP 16 SIP  9 SIP  7 STB 12 STB 12  AETM STB 10 STB 16 SIP  9 STB 10 STB 11 2 3 1 . 3 - -  4  2
TRD  AETM SIP 16 SIP  9 SIP  7 STB 12 STB 12  AETM STB 10 SIP 16 SIP  9 STB 10 STB 11 2 3 1 . 3 2 -  4  2
TRD  AETM SIP 16 SIP  9 SIP  7 STB 12 STB 12  AETM STB 10 SIP 16 SIP  9 STB 10 SIP 11 2 3 1 . 3 2 5  4  2
TRD  WHTL SIP 16 SIP  9 SIP  7 STB 12 STB 12  AETM STB 10 SIP 16 SIP  9 STB 10 SIP 11 2 3 1 . 3 2 5  4  2
WTC  WHTL SIP 16 SIP  9 SIP  7 STB 12 STB 12  AETM STB 10 SIP 16 SIP  9 STB 10 SIP 11 2 3 1 . 3 2 5  4  2
WTC  WHTL SIP 16 SIP  9 SIP  7 STB 12 STB 12  WHTL STB 10 SIP 16 SIP  9 STB 10 SIP 11 2 3 1 . 3 2 5  4  2
WTC  WHTL DYB 16 DYB  9 DYB  7 STB 12 STB 12  WHTL STB 10 DYB 16 DYB  9 STB 10 DYB 11 2 3 1 . 3 2 5  4  2
WTC  WHTL DYB 16 DYB  9 DYB  7 STB 12 STB 12  WHTL STB 10 DYB 16 DYB  9 STB 10 DYB 11 2 3 1 . 3 2 5  4  2
WTC  WHTL DYB 16 DYB  9 DYB  7 STB 12 STB 12  WHTL STB 10 DYB 16 DYB  9 STB 10 DYB 11 2 3 1 . 3 2 5  4  2
WTC  WHTL DYB 16 DYB  9 DYB  7 STB 12 STB 12  WHTL STB 10 DYB 16 DYB  9 STB 10 DYB 11 2 3 1 . 3 2 5  4  2
WTC  WHTL DYB 16 DYB  9 DYB  7 STB 12 STB 12  WHTL STB 10 DYB 16 DYB  9 STB 10 DYB 11 2 3 1 . 3 2 5  4  2
WTC  WHTL DYB 16 DYB  9 DYB  7 STB 12 STB 12  WHTL STB 10 DYB 16 DYB  9 STB 10 DYB 11 2 3 1 . 3 2 5  4  2
WTC  WHTL DYB 16 DYB  9 DYB  7 STB 12 STB 12  WHTL STB 10 DYB 16 DYB  9 STB 10 DYB 11 2 3 1 . 3 2 5  4  3
WTC  WHTL DYB 16 DYB  9 DYB  7 STB 12 STB 12  WHTL STB 10 DYB 16 DYB  9 STB 10 DYB 11 2 3 1 . 3 5 -  4  3
WTC  WHTL DYB 16 DYB  9 DYB  7 STB 12 STB 12  WHTL STB 10 DYB 16 DYB  9 STB 10 DYB 11 2 3 1 . 5 - -  4  3
WTC  WHTL DYB 16 DYB  9 DYB  7 STB 12 STB 12  WHTL STB 10 STB 16 DYB  9 STB 10 DYB 11 3 1 - . 5 - -  4  3
WTC  WHTL DYB 16 DYB  9 DYB  7 STB 12 STB 12  WHTL STB 10 STB 16 DYB  9 STB 10 DYB 11 3 1 - . 5 - -  4  3
WTC  WHTL DYB 16 DYB  9 DYB  7 STB 12 STB 12  WHTL STB 10 STB 16 STB  9 STB 10 DYB 11 3 1 - . - - -  5  3
WTC  WHTL DYB 16 DYB  9 DYB  7 STB 12 STB 12  WHTL STB 10 STB 16 STB  9 STB 10 DYB 11 3 1 - . - - -  5  3
WTC  WHTL DYB 16 STB  9 DYB  7 STB 12 STB 12  WHTL STB 10 STB 16 STB  9 STB 10 DYB 11 1 - - . - - -  5  3
WTC  WHTL DYB 16 STB  9 DYB  7 STB 12 STB 12  WHTL STB 10 STB 16 STB  9 STB 10 STB 11 1 - - . - - -  5  3
WTC  WHTL DYB 16 STB  9 DYB  7 STB 12 STB 12  WHTL STB 10 STB 16 STB  9 STB 10 STB 11 1 - - . - - -  5  3
WTC  WHTL DYB 16 STB  9 DYB  7 STB 12 STB 12  WHTL STB 10 STB 16 STB  9 STB 10 STB 11 - - - . - - -  5  3
WTC  WHTL DYB 16 STB  9 STB  7 STB 12 STB 12  WHTL STB 10 STB 16 STB  9 STB 10 STB 11 - - - . - - -  5  3
WTC  WHTL STB 16 STB  9 STB  7 STB 12 STB 12  WHTL STB 11 STB 16 STB  9 STB 10 STB 11 - - - . - - -  5  3
WTC  WHTL STB 16 STB  9 STB  7 STB 12 STB 12  WHTL STB 11 STB 16 STB  9 STB 10 STB 11 - - - . - - -  5  3
WTC  WHTL STB 15 STB  9 STB  7 STB 12 STB 12  WHTL STB 11 STB 15 STB  9 STB 10 STB 11 - - - . - - -  5  3
WTC  WHTL STB 15 STB  9 STB  7 STB 12 STB 12  WHTL STB 11 STB 15 STB  9 STB 10 STB 11 - - - . - - -  5  3
WTC  WHTL STB 15 STB  9 STB  7 STB 12 STB 12  WHTL STB 11 STB 15 STB  8 STB 10 STB 11 - - - . - - -  5  3
WTC  WHTL STB 15 STB  8 STB  7 STB 12 STB 12  WHTL STB 11 STB 15 STB  8 STB 10 STB 11 - - - . - - -  5  3
WTC  WHTL STB 15 STB  8 STB  7 STB 12 STB 12  WHTL STB 11 STB 15 STB  8 STB 11 STB 11 - - - . - - -  5  3
WTC  WHTL STB 15 STB  8 STB  6 STB 12 STB 12  WHTL STB 11 STB 15 STB  8 STB 11 STB 11 - - - . - - -  5  3
WTC  WHTL STB 15 STB  8 STB  6 STB 12 STB 12  WHTL STB 11 STB 15 STB  8 STB 11 STB 10 - - - . - - -  5  3
WTC  WHTL STB 15 STB  8 STB  6 STB 13 STB 12  WHTL STB 11 STB 15 STB  8 STB 11 STB 10 - - - . - - -  5  3
WTC  WHTL STB 15 STB  8 STB  6 STB 13 STB 12  WFRC STB 11 STB 15 STB  8 STB 11 STB 10 - - - . - - -  5  3
WTC  WHTL STB 15 STB  8 STB  6 STB 13 STB 13  WFRC STB 11 STB 15 STB  8 STB 11 STB 10 - - - . - - -  5  3
WTC  WFRC STB 15 STB  8 STB  6 STB 13 STB 13  WFRC STB 11 STB 15 STB  8 STB 11 STB 10 - - - . - - -  5  3
TRD  WFRC STB 15 STB  8 STB  6 STB 13 STB 13  WFRC STB 11 STB 15 STB  8 STB 11 STB 10 - - - . - - -  5  3
TRD  AETM STB 15 STB  8 STB  6 STB 13 STB 13  WFRC STB 11 STB 15 STB  8 STB 11 STB 10 - - - . - - -  5  3
TRD  AETM STB 15 STB  8 STB  6 STB 13 STB 13  AETM STB 11 STB 15 STB  8 STB 11 STB 10 - - - . - - -  5  3
TRD  AETM STB 15 STB  8 STB  6 SIP 13 STB 13  AETM STB 11 STB 15 STB  8 STB 11 STB 10 4 - - . - - -  5  3
TRD  AETM STB 15 STB  8 STB  6 SIP 13 SIP 13  AETM STB 11 STB 15 STB  8 STB 11 STB 10 4 5 - . - - -  5  3
TRD  AETM STB 15 STB  8 STB  6 SIP 13 SIP 13  AETM STB 11 SIP 15 STB  8 STB 11 STB 10 4 5 - . 2 - -  5  3
TRD  AETM STB 15 STB  8 STB  6 SIP 13 SIP 13  AETM STB 11 SIP 15 STB  8 STB 11 SIP 10 4 5 - . 2 5 -  5  3
TRD  AETM STB 15 STB  8 STB  6 SIP 13 SIP 13  AETM STB 11 SIP 15 SIP  8 STB 11 SIP 10 4 5 - . 2 5 3  5  3
TRD  AETM SIP 15 STB  8 STB  6 SIP 13 SIP 13  AETM STB 11 SIP 15 SIP  8 STB 11 SIP 10 4 5 1 . 2 5 3  5  3
TRD  AETM SIP 15 STB  8 STB  6 SIP 13 SIP 13  WHTL STB 11 SIP 15 SIP  8 STB 11 SIP 10 4 5 1 . 2 5 3  5  3
TRD  WHTL SIP 15 STB  8 STB  6 SIP 13 SIP 13  WHTL STB 11 SIP 15 SIP  8 STB 11 SIP 10 4 5 1 . 2 5 3  5  3
WTC  WHTL SIP 15 STB  8 STB  6 SIP 13 SIP 13  WHTL STB 11 SIP 15 SIP  8 STB 11 SIP 10 4 5 1 . 2 5 3  5  3
WTC  WHTL DYB 15 STB  8 STB  6 DYB 13 DYB 13  WHTL STB 11 DYB 15 DYB  8 STB 11 DYB 10 4 5 1 . 2 5 3  5  3
WTC  WHTL DYB 15 STB  8 STB  6 DYB 13 DYB 13  WHTL STB 11 DYB 15 DYB  8 STB 11 DYB 10 4 5 1 . 2 5 3  5  3
WTC  WHTL DYB 15 STB  8 STB  6 DYB 13 DYB 13  WHTL STB 11 DYB 15 DYB  8 STB 11 DYB 10 4 5 1 . 2 5 3  5  3
WTC  WHTL DYB 15 STB  8 STB  6 DYB 13 DYB 13  WHTL STB 11 DYB 15 DYB  8 STB 11 DYB 10 4 5 1 . 2 5 3  5  3
WTC  WHTL DYB 15 STB  8 STB  6 DYB 13 DYB 13  WHTL STB 11 DYB 15 DYB  8 STB 11 DYB 10 4 5 1 . 2 5 3  5  3
WTC  WHTL DYB 15 STB  8 STB  6 DYB 13 DYB 13  WHTL STB 11 DYB 15 DYB  8 STB 11 DYB 10 4 5 1 . 2 5 3  5  3
WTC  WHTL DYB 15 STB  8 STB  6 DYB 13 DYB 13  WHTL STB 11 DYB 15 DYB  8 STB 11 DYB 10 4 5 1 . 2 5 3  5  2
WTC  WHTL DYB 15 STB  8 STB  6 DYB 13 DYB 13  WHTL STB 11 DYB 15 DYB  8 STB 11 DYB 10 4 5 1 . 2 5 -  5  2
WTC  WHTL DYB 15 STB  8 STB  6 DYB 13 DYB 13  WHTL STB 11 DYB 15 DYB  8 STB 11 DYB 10 4 5 1 . 5 - -  6  2
WTC  WHTL DYB 15 STB  8 STB  6 DYB 13 DYB 13  WHTL STB 11 DYB 15 STB  8 STB 11 DYB 10 4 5 1 . 5 - -  6  2
WTC  WHTL DYB 15 STB  8 STB  6 DYB 13 DYB 13  WHTL STB 11 DYB 15 STB  8 STB 11 DYB 10 4 5 - . 5 - -  6  2
WTC  WHTL DYB 15 STB  8 STB  6 DYB 13 DYB 13  WHTL STB 11 STB 15 STB  8 STB 11 DYB 10 4 5 - . - - -  6  2
WTC  WHTL DYB 15 STB  8 STB  6 DYB 13 DYB 13  WHTL STB 11 STB 15 STB  8 STB 11 DYB 10 4 5 - . - - -  6  2
WTC  WHTL STB 15 STB  8 STB  6 DYB 13 DYB 13  WHTL STB 11 STB 15 STB  8 STB 11 DYB 10 5 - - . - - -  6  2
WTC  WHTL STB 15 STB  8 STB  6 DYB 13 DYB 13  WHTL STB 11 STB 15 STB  8 STB 11 DYB 10 5 - - . - - -  6  2
WTC  WHTL STB 15 STB  8 STB  6 DYB 13 DYB 13  WHTL STB 11 STB 15 STB  8 STB 11 STB 10 - - - . - - -  6  2
WTC  WHTL STB 15 STB  8 STB  6 DYB 13 DYB 13  WHTL STB 11 STB 15 STB  8 STB 11 STB 10 - - - . - - -  6  2
WTC  WHTL STB 15 STB  8 STB  6 STB 13 DYB 13  WHTL STB 11 STB 15 STB  8 STB 11 STB 10 - - - . - - -  6  2
WTC  WHTL STB 15 STB  8 STB  6 STB 13 STB 13  WHTL STB 11 STB 15 STB  8 STB 11 STB 10 - - - . - - -  6  2
WTC  WHTL STB 15 STB  8 STB  6 STB 13 STB 13  WHTL STB 12 STB 15 STB  8 STB 11 STB 10 - - - . - - -  6  2
WTC  WHTL STB 14 STB  8 STB  6 STB 13 STB 13  WHTL STB 12 STB 14 STB  8 STB 11 STB 10 - - - . - - -  6  2
WTC  WHTL STB 14 STB  8 STB  6 STB 13 STB 13  WHTL STB 12 STB 14 STB  8 STB 11 STB 10 - - - . - - -  6  2
WTC  WHTL STB 14 STB  9 STB  6 STB 13 STB 13  WHTL STB 12 STB 14 STB  7 STB 11 STB 10 - - - . - - -  6  2
WTC  WHTL STB 14 STB  9 STB  6 STB 13 STB 13  WHTL STB 12 STB 14 STB  7 STB 11 STB 10 - - - . - - -  6  2
WTC  WHTL STB 14 STB  9 STB  7 STB 13 STB 13  WHTL STB 12 STB 14 STB  7 STB 12 STB 10 - - - . - - -  6  2
WTC  WHTL STB 14 STB  9 STB  7 STB 13 STB 13  WHTL STB 12 STB 14 STB  7 STB 12 STB 10 - - - . - - -  6  2
WTC  WHTL STB 14 STB  9 STB  7 STB 12 STB 13  WHTL STB 12 STB 14 STB  7 STB 12 STB  9 - - - . - - -  6  2
WTC  WHTL STB 14 STB  9 STB  7 STB 12 STB 13  WHTL STB 12 STB 14 STB  7 STB 12 STB  9 - - - . - - -  6  2
WTC  WHTL STB 14 STB  9 STB  7 STB 12 STB 12  WFRC STB 12 STB 14 STB  7 STB 12 STB  9 - - - . - - -  6  2
WTC  WHTL STB 14 STB  9 STB  7 STB 12 STB 12  WFRC STB 12 STB 14 STB  7 STB 12 STB  9 - - - . - - -  6  2
WTC  WFRC STB 14 STB  9 STB  7 STB 12 STB 12  WFRC STB 12 STB 14 STB  7 STB 12 STB  9 - - - . - - -  6  2
TRD  WFRC STB 14 STB  9 STB  7 STB 12 STB 12  WFRC STB 12 STB 14 STB  7 STB 12 STB  9 - - - . - - -  6  2
TRD  AETM STB 14 STB  9 STB  7 STB 12 STB 12  WFRC STB 12 STB 14 STB  7 STB 12 STB  9 - - - . - - -  6  2
TRD  AETM STB 14 STB  9 STB  7 STB 12 STB 12  AETM STB 12 STB 14 STB  7 STB 12 STB  9 - - - . - - -  6  2
TRD  AETM SIP 14 STB  9 STB  7 STB 12 STB 12  AETM STB 12 STB 14 STB  7 STB 12 STB  9 1 - - . - - -  6  2
TRD  AETM SIP 14 STB  9 SIP  7 STB 12 STB 12  AETM STB 12 STB 14 STB  7 STB 12 STB  9 1 3 - . - - -  6  2
TRD  AETM SIP 14 SIP  9 SIP  7 STB 12 STB 12  AETM STB 12 STB 14 STB  7 STB 12 STB  9 1 3 2 . - - -  6  2
TRD  AETM SIP 14 SIP  9 SIP  7 STB 12 STB 12  AETM SIP 12 STB 14 STB  7 STB 12 STB  9 1 3 2 . 1 - -  6  2
TRD  AETM SIP 14 SIP  9 SIP  7 STB 12 STB 12  AETM SIP 12 STB 14 STB  7 SIP 12 STB  9 1 3 2 . 1 4 -  6  2
TRD  AETM SIP 14 SIP  9 SIP  7 STB 12 STB 12  AETM SIP 12 SIP 14 STB  7 SIP 12 STB  9 1 3 2 . 1 4 2  6  2
TRD  AETM SIP 14 SIP  9 SIP  7 STB 12 STB 12  WHTL SIP 12 SIP 14 STB  7 SIP 12 STB  9 1 3 2 . 1 4 2  6  2
TRD  WHTL SIP 14 SIP  9 SIP  7 STB 12 STB 12  WHTL SIP 12 SIP 14 STB  7 SIP 12 STB  9 1 3 2 . 1 4 2  6  2
WTC  WHTL SIP 14 SIP  9 SIP  7 STB 12 STB 12  WHTL SIP 12 SIP 14 STB  7 SIP 12 STB  9 1 3 2 . 1 4 2  6  2
WTC  WHTL DYB 14 DYB  9 DYB  7 STB 12 STB 12  WHTL DYB 12 DYB 14 STB  7 DYB 12 STB  9 1 3 2 . 1 4 2  6  2
WTC  WHTL DYB 14 DYB  9 DYB  7 STB 12 STB 12  WHTL DYB 12 DYB 14 STB  7 DYB 12 STB  9 1 3 2 . 1 4 2  6  2
WTC  WHTL DYB 14 DYB  9 DYB  7 STB 12 STB 12  WHTL DYB 12 DYB 14 STB  7 DYB 12 STB  9 1 3 2 . 1 4 2  6  2
WTC  WHTL DYB 14 DYB  9 DYB  7 STB 12 STB 12  WHTL DYB 12 DYB 14 STB  7 DYB 12 STB  9 1 3 2 . 1 4 2  6  2
WTC  WHTL DYB 14 DYB  9 DYB  7 STB 12 STB 12  WHTL DYB 12 DYB 14 STB  7 DYB 12 STB  9 1 3 2 . 1 4 2  6  2
WTC  WHTL DYB 14 DYB  9 DYB  7 STB 12 STB 12  WHTL DYB 12 DYB 14 STB  7 DYB 12 STB  9 1 3 2 . 1 4 2  6  2
WTC  WHTL DYB 14 DYB  9 DYB  7 STB 12 STB 12  WHTL DYB 12 DYB 14 STB  7 DYB 12 STB  9 1 3 2 . 1 4 2  6  3
WTC  WHTL DYB 14 DYB  9 DYB  7 STB 12 STB 12  WHTL DYB 12 DYB 14 STB  7 DYB 12 STB  9 3 2 - . 1 4 2  6  3
WTC  WHTL DYB 14 DYB  9 DYB  7 STB 12 STB 12  WHTL DYB 12 DYB 14 STB  7 DYB 12 STB  9 3 - - . 1 4 2  6  3
WTC  WHTL STB 14 DYB  9 DYB  7 STB 12 STB 12  WHTL DYB 12 DYB 14 STB  7 DYB 12 STB  9 - - - . 1 4 2  6  3
WTC  WHTL STB 14 DYB  9 DYB  7 STB 12 STB 12  WHTL DYB 12 DYB 14 STB  7 DYB 12 STB  9 - - - . 1 4 2  6  3
WTC  WHTL STB 14 STB  9 DYB  7 STB 12 STB 12  WHTL DYB 12 DYB 14 STB  7 DYB 12 STB  9 - - - . 1 2 -  6  3
WTC  WHTL STB 14 STB  9 DYB  7 STB 12 STB 12  WHTL DYB 12 DYB 14 STB  7 DYB 12 STB  9 - - - . 1 2 -  6  3
WTC  WHTL STB 14 STB  9 STB  7 STB 12 STB 12  WHTL DYB 12 DYB 14 STB  7 DYB 12 STB  9 - - - . 1 2 -  6  3
WTC  WHTL STB 14 STB  9 STB  7 STB 12 STB 12  WHTL DYB 12 DYB 14 STB  7 DYB 12 STB  9 - - - . 1 - -  6  3
WTC  WHTL STB 14 STB  9 STB  7 STB 12 STB 12  WHTL DYB 12 DYB 14 STB  7 STB 12 STB  9 - - - . 1 - -  6  3
WTC  WHTL STB 14 STB  9 STB  7 STB 12 STB 12  WHTL DYB 12 DYB 14 STB  7 STB 12 STB  9 - - - . - - -  6  3
WTC  WHTL STB 13 STB  9 STB  7 STB 12 STB 12  WHTL DYB 12 STB 14 STB  7 STB 12 STB  9 - - - . - - -  6  3
WTC  WHTL STB 13 STB  9 STB  7 STB 12 STB 12  WHTL DYB 12 STB 14 STB  7 STB 12 STB  9 - - - . - - -  6  3
WTC  WHTL STB 13 STB  9 STB  7 STB 12 STB 12  WHTL STB 12 STB 14 STB  7 STB 12 STB  9 - - - . - - -  6  3
EOG  WHTL STB 13 STB  8 STB  7 STB 12 STB 12  WHTL STB 12 STB 14 STB  7 STB 12 STB  9 - - - . - - -  6  3
EOG  WHTL STB 13 STB  8 STB  7 STB 12 STB 12  WHTL STB 12 STB 14 STB  7 STB 12 STB  9 - - - . - - -  6  3
EOG  WHTL STB 13 STB  8 STB  6 STB 12 STB 12  WHTL STB 11 STB 14 STB  7 STB 12 STB  9 - - - . - - -  6  3
EOG  WHTL STB 13 STB  8 STB  6 STB 12 STB 12  WHTL STB 11 STB 14 STB  7 STB 12 STB  9 - - - . - - -  6  3
Game 2 was won by team 1 by points.
EOG  WHTL STB 13 STB  8 STB  6 STB 13 STB 12  WHTL STB 11 STB 13 STB  7 STB 12 STB  9 - - - . - - -  6  3
EOG  WHTL STB 13 STB  8 STB  6 STB 13 STB 12  WHTL STB 11 STB 13 STB  7 STB 12 STB  9 - - - . - - -  6  3
EOG  WHTL STB 13 STB  8 STB  6 STB 13 STB 13  WHTL STB 11 STB 13 STB  8 STB 12 STB  9 - - - . - - -  6  3
EOG  WHTL STB 13 STB  8 STB  6 STB 13 STB 13  WHTL STB 11 STB 13 STB  8 STB 12 STB  9 - - - . - - -  6  3
EOG  WFRC STB 13 STB  8 STB  6 STB 13 STB 13  WHTL STB 11 STB 13 STB  8 STB 11 STB  9 - - - . - - -  1  0
EOG  WFRC STB 13 STB  8 STB  6 STB 13 STB 13  WHTL STB 11 STB 13 STB  8 STB 11 STB  9 - - - . - - -  1  0
Game 3
Ref Coa 1 Cont 1 Cont 2 Cont 3 Cont 4 Cont 5 Coa 2 Cont 1 Cont 2 Cont 3 Cont 4 Cont 5 Trial
Sta  Stat Sta SG Sta SG Sta SG Sta SG Sta SG  Stat Sta SG Sta SG Sta SG Sta SG Sta SG 3 2 1 . 1 2 3 NB PS
SOG  WFRC STB 13 STB  8 STB  6 STB 13 STB 13  WHTL STB 11 STB 13 STB  8 STB 11 STB 10 - - - . - - -  1  0
SOG  WFRC STB 13 STB  8 STB  6 STB 13 STB 13  WHTL STB 11 STB 13 STB  8 STB 11 STB 10 - - - . - - -  1  0
SOG  WFRC STB 13 STB  8 STB  6 STB 13 STB 13  WFRC STB 11 STB 13 STB  8 STB 11 STB 10 - - - . - - -  1  0
TRD  WFRC STB 13 STB  8 STB  6 STB 13 STB 13  WFRC STB 11 STB 13 STB  8 STB 11 STB 10 - - - . - - -  1  0
TRD  AETM STB 13 STB  8 STB  6 STB 13 STB 13  WFRC STB 11 STB 13 STB  8 STB 11 STB 10 - - - . - - -  1  0
TRD  AETM STB 13 STB  8 STB  6 STB 13 STB 13  AETM STB 11 STB 13 STB  8 STB 11 STB 10 - - - . - - -  1  0
TRD  AETM STB 13 STB  8 STB  6 STB 13 SIP 13  AETM STB 11 STB 13 STB  8 STB 11 STB 10 5 - - . - - -  1  0
TRD  AETM STB 13 STB  8 STB  6 STB 13 SIP 13  AETM STB 11 SIP 13 STB  8 STB 11 STB 10 5 - - . 2 - -  1  0
TRD  AETM STB 13 SIP  8 STB  6 STB 13 SIP 13  AETM STB 11 SIP 13 STB  8 STB 11 STB 10 5 2 - . 2 - -  1  0
TRD  AETM STB 13 SIP  8 SIP  6 STB 13 SIP 13  AETM STB 11 SIP 13 STB  8 STB 11 STB 10 5 2 3 . 2 - -  1  0
TRD  AETM STB 13 SIP  8 SIP  6 STB 13 SIP 13  AETM STB 11 SIP 13 STB  8 STB 11 SIP 10 5 2 3 . 2 5 -  1  0
TRD  AETM STB 13 SIP  8 SIP  6 STB 13 SIP 13  AETM STB 11 SIP 13 STB  8 SIP 11 SIP 10 5 2 3 . 2 5 4  1  0
TRD  AETM STB 13 SIP  8 SIP  6 STB 13 SIP 13  WHTL STB 11 SIP 13 STB  8 SIP 11 SIP 10 5 2 3 . 2 5 4  1  0
TRD  WHTL STB 13 SIP  8 SIP  6 STB 13 SIP 13  WHTL STB 11 SIP 13 STB  8 SIP 11 SIP 10 5 2 3 . 2 5 4  1  0
WTC  WHTL STB 13 SIP  8 SIP  6 STB 13 SIP 13  WHTL STB 11 SIP 13 STB  8 SIP 11 SIP 10 5 2 3 . 2 5 4  1  0
WTC  WHTL STB 13 DYB  8 DYB  6 STB 13 DYB 13  WHTL STB 11 DYB 13 STB  8 DYB 11 DYB 10 5 2 3 . 2 5 4  1  0
WTC  WHTL STB 13 DYB  8 DYB  6 STB 13 DYB 13  WHTL STB 11 DYB 13 STB  8 DYB 11 DYB 10 5 2 3 . 2 5 4  1  0
WTC  WHTL STB 13 DYB  8 DYB  6 STB 13 DYB 13  WHTL STB 11 DYB 13 STB  8 DYB 11 DYB 10 5 2 3 . 2 5 4  1  0
WTC  WHTL STB 13 DYB  8 DYB  6 STB 13 DYB 13  WHTL STB 11 DYB 13 STB  8 DYB 11 DYB 10 5 2 3 . 2 5 4  1  0
WTC  WHTL STB 13 DYB  8 DYB  6 STB 13 DYB 13  WHTL STB 11 DYB 13 STB  8 DYB 11 DYB 10 5 2 3 . 2 5 4  1  0
WTC  WHTL STB 13 DYB  8 DYB  6 STB 13 DYB 13  WHTL STB 11 DYB 13 STB  8 DYB 11 DYB 10 5 2 3 . 2 5 4  1  0
WTC  WHTL STB 13 DYB  8 DYB  6 STB 13 DYB 13  WHTL STB 11 DYB 13 STB  8 DYB 11 DYB 10 5 2 3 . 2 5 4  1  1
WTC  WHTL STB 13 DYB  8 DYB  6 STB 13 DYB 13  WHTL STB 11 DYB 13 STB  8 DYB 11 DYB 10 5 2 3 . 2 4 -  1  1
WTC  WHTL STB 13 DYB  8 DYB  6 STB 13 DYB 13  WHTL STB 11 DYB 13 STB  8 DYB 11 DYB 10 5 2 - . 2 4 -  1  1
WTC  WHTL STB 13 DYB  8 DYB  6 STB 13 DYB 13  WHTL STB 11 DYB 13 STB  8 DYB 11 STB 10 5 2 - . 2 4 -  1  1
WTC  WHTL STB 13 DYB  8 DYB  6 STB 13 DYB 13  WHTL STB 11 DYB 13 STB  8 DYB 11 STB 10 5 2 - . 4 - -  1  1
WTC  WHTL STB 13 DYB  8 STB  6 STB 13 DYB 13  WHTL STB 11 DYB 13 STB  8 DYB 11 STB 10 5 - - . 4 - -  2  1
WTC  WHTL STB 13 DYB  8 STB  6 STB 13 DYB 13  WHTL STB 11 STB 13 STB  8 DYB 11 STB 10 5 - - . 4 - -  2  1
WTC  WHTL STB 13 DYB  8 STB  6 STB 13 DYB 13  WHTL STB 11 STB 13 STB  8 DYB 11 STB 10 5 - - . 4 - -  2  1
WTC  WHTL STB 13 DYB  8 STB  6 STB 13 DYB 13  WHTL STB 11 STB 13 STB  8 DYB 11 STB 10 5 - - . - - -  2  1
WTC  WHTL STB 13 STB  8 STB  6 STB 13 DYB 13  WHTL STB 11 STB 13 STB  8 DYB 11 STB 10 - - - . - - -  2  1
WTC  WHTL STB 13 STB  8 STB  6 STB 13 DYB 13  WHTL STB 11 STB 13 STB  8 DYB 11 STB 10 - - - . - - -  2  1
WTC  WHTL STB 13 STB  8 STB  6 STB 13 DYB 13  WHTL STB 11 STB 13 STB  8 STB 11 STB 10 - - - . - - -  2  1
WTC  WHTL STB 13 STB  8 STB  6 STB 13 STB 13  WHTL STB 11 STB 13 STB  8 STB 11 STB 10 - - - . - - -  2  1
WTC  WHTL STB 13 STB  8 STB  6 STB 13 STB 13  WHTL STB 12 STB 13 STB  8 STB 11 STB 10 - - - . - - -  2  1
WTC  WHTL STB 14 STB  8 STB  6 STB 13 STB 13  WHTL STB 12 STB 13 STB  8 STB 11 STB 10 - - - . - - -  2  1
WTC  WHTL STB 14 STB  8 STB  6 STB 13 STB 13  WHTL STB 12 STB 12 STB  8 STB 11 STB 10 - - - . - - -  2  1
WTC  WHTL STB 14 STB  7 STB  6 STB 13 STB 13  WHTL STB 12 STB 12 STB  8 STB 11 STB 10 - - - . - - -  2  1
WTC  WHTL STB 14 STB  7 STB  6 STB 13 STB 13  WHTL STB 12 STB 12 STB  9 STB 11 STB 10 - - - . - - -  2  1
WTC  WHTL STB 14 STB  7 STB  5 STB 13 STB 13  WHTL STB 12 STB 12 STB  9 STB 11 STB 10 - - - . - - -  2  1
WTC  WHTL STB 14 STB  7 STB  5 STB 14 STB 13  WHTL STB 12 STB 12 STB  9 STB 10 STB 10 - - - . - - -  2  1
WTC  WHTL STB 14 STB  7 STB  5 STB 14 STB 13  WHTL STB 12 STB 12 STB  9 STB 10 STB 10 - - - . - - -  2  1
WTC  WHTL STB 14 STB  7 STB  5 STB 14 STB 12  WHTL STB 12 STB 12 STB  9 STB 10 STB  9 - - - . - - -  2  1
WTC  WHTL STB 14 STB  7 STB  5 STB 14 STB 12  WHTL STB 12 STB 12 STB  9 STB 10 STB  9 - - - . - - -  2  1
WTC  WFRC STB 14 STB  7 STB  5 STB 14 STB 12  WFRC STB 12 STB 12 STB  9 STB 10 STB  9 - - - . - - -  2  1
WTC  WFRC STB 14 STB  7 STB  5 STB 14 STB 12  WFRC STB 12 STB 12 STB  9 STB 10 STB  9 - - - . - - -  2  1
TRD  WFRC STB 14 STB  7 STB  5 STB 14 STB 12  WFRC STB 12 STB 12 STB  9 STB 10 STB  9 - - - . - - -  2  1
TRD  AETM STB 14 STB  7 STB  5 STB 14 STB 12  WFRC STB 12 STB 12 STB  9 STB 10 STB  9 - - - . - - -  2  1
TRD  AETM STB 14 STB  7 STB  5 STB 14 STB 12  AETM STB 12 STB 12 STB  9 STB 10 STB  9 - - - . - - -  2  1
TRD  AETM STB 14 STB  7 SIP  5 STB 14 STB 12  AETM STB 12 STB 12 STB  9 STB 10 STB  9 3 - - . - - -  2  1
TRD  AETM STB 14 STB  7 SIP  5 SIP 14 STB 12  AETM STB 12 STB 12 STB  9 STB 10 STB  9 3 4 - . - - -  2  1
TRD  AETM SIP 14 STB  7 SIP  5 SIP 14 STB 12  AETM STB 12 STB 12 STB  9 STB 10 STB  9 3 4 1 . - - -  2  1
TRD  AETM SIP 14 STB  7 SIP  5 SIP 14 STB 12  AETM STB 12 STB 12 SIP  9 STB 10 STB  9 3 4 1 . 3 - -  2  1
TRD  AETM SIP 14 STB  7 SIP  5 SIP 14 STB 12  AETM SIP 12 STB 12 SIP  9 STB 10 STB  9 3 4 1 . 3 1 -  2  1
TRD  AETM SIP 14 STB  7 SIP  5 SIP 14 STB 12  AETM SIP 12 STB 12 SIP  9 SIP 10 STB  9 3 4 1 . 3 1 4  2  1
TRD  WHTL SIP 14 STB  7 SIP  5 SIP 14 STB 12  AETM SIP 12 STB 12 SIP  9 SIP 10 STB  9 3 4 1 . 3 1 4  2  1
TRD  WHTL SIP 14 STB  7 SIP  5 SIP 14 STB 12  WHTL SIP 12 STB 12 SIP  9 SIP 10 STB  9 3 4 1 . 3 1 4  2  1
WTC  WHTL SIP 14 STB  7 SIP  5 SIP 14 STB 12  WHTL SIP 12 STB 12 SIP  9 SIP 10 STB  9 3 4 1 . 3 1 4  2  1
WTC  WHTL DYB 14 STB  7 DYB  5 DYB 14 STB 12  WHTL DYB 12 STB 12 DYB  9 DYB 10 STB  9 3 4 1 . 3 1 4  2  1
WTC  WHTL DYB 14 STB  7 DYB  5 DYB 14 STB 12  WHTL DYB 12 STB 12 DYB  9 DYB 10 STB  9 3 4 1 . 3 1 4  2  1
WTC  WHTL DYB 14 STB  7 DYB  5 DYB 14 STB 12  WHTL DYB 12 STB 12 DYB  9 DYB 10 STB  9 3 4 1 . 3 1 4  2  1
WTC  WHTL DYB 14 STB  7 DYB  5 DYB 14 STB 12  WHTL DYB 12 STB 12 DYB  9 DYB 10 STB  9 3 4 1 . 3 1 4  2  1
WTC  WHTL DYB 14 STB  7 DYB  5 DYB 14 STB 12  WHTL DYB 12 STB 12 DYB  9 DYB 10 STB  9 3 4 1 . 3 1 4  2  1
WTC  WHTL DYB 14 STB  7 DYB  5 DYB 14 STB 12  WHTL DYB 12 STB 12 DYB  9 DYB 10 STB  9 3 4 1 . 3 1 4  2  1
WTC  WHTL DYB 14 STB  7 DYB  5 DYB 14 STB 12  WHTL DYB 12 STB 12 DYB  9 DYB 10 STB  9 3 4 1 . 3 1 4  2  0
WTC  WHTL DYB 14 STB  7 DYB  5 DYB 14 STB 12  WHTL DYB 12 STB 12 DYB  9 DYB 10 STB  9 3 4 1 . 3 4 -  2  0
WTC  WHTL DYB 14 STB  7 DYB  5 DYB 14 STB 12  WHTL DYB 12 STB 12 DYB  9 DYB 10 STB  9 4 1 - . 3 4 -  3  0
WTC  WHTL DYB 14 STB  7 DYB  5 DYB 14 STB 12  WHTL STB 12 STB 12 DYB  9 DYB 10 STB  9 4 1 - . 4 - -  3  0
WTC  WHTL DYB 14 STB  7 DYB  5 DYB 14 STB 12  WHTL STB 12 STB 12 DYB  9 DYB 10 STB  9 4 1 - . 4 - -  3  0
WTC  WHTL DYB 14 STB  7 STB  5 DYB 14 STB 12  WHTL STB 12 STB 12 DYB  9 DYB 10 STB  9 1 - - . 4 - -  3  0
WTC  WHTL DYB 14 STB  7 STB  5 DYB 14 STB 12  WHTL STB 12 STB 12 DYB  9 DYB 10 STB  9 1 - - . 4 - -  3  0
WTC  WHTL DYB 14 STB  7 STB  5 DYB 14 STB 12  WHTL STB 12 STB 12 STB  9 DYB 10 STB  9 1 - - . - - -  3  0
WTC  WHTL DYB 14 STB  7 STB  5 DYB 14 STB 12  WHTL STB 12 STB 12 STB  9 DYB 10 STB  9 1 - - . - - -  3  0
WTC  WHTL DYB 14 STB  7 STB  5 STB 14 STB 12  WHTL STB 12 STB 12 STB  9 DYB 10 STB  9 - - - . - - -  3  0
WTC  WHTL DYB 14 STB  7 STB  5 STB 14 STB 12  WHTL STB 12 STB 12 STB  9 DYB 10 STB  9 - - - . - - -  3  0
WTC  WHTL DYB 14 STB  7 STB  5 STB 14 STB 12  WHTL STB 12 STB 12 STB  9 STB 10 STB  9 - - - . - - -  3  0
WTC  WHTL STB 14 STB  7 STB  5 STB 14 STB 12  WHTL STB 12 STB 12 STB  9 STB 10 STB  9 - - - . - - -  3  0
WTC  WHTL STB 14 STB  7 STB  5 STB 14 STB 12  WHTL STB 11 STB 12 STB  9 STB 10 STB  9 - - - . - - -  3  0
WTC  WHTL STB 13 STB  7 STB  5 STB 14 STB 12  WHTL STB 11 STB 13 STB  9 STB 10 STB  9 - - - . - - -  3  0
WTC  WHTL STB 13 STB  7 STB  5 STB 14 STB 12  WHTL STB 11 STB 13 STB  9 STB 10 STB  9 - - - . - - -  3  0
WTC  WHTL STB 13 STB  8 STB  5 STB 14 STB 12  WHTL STB 11 STB 13 STB  8 STB 10 STB  9 - - - . - - -  3  0
WTC  WHTL STB 13 STB  8 STB  5 STB 14 STB 12  WHTL STB 11 STB 13 STB  8 STB 10 STB  9 - - - . - - -  3  0
WTC  WHTL STB 13 STB  8 STB  4 STB 14 STB 12  WHTL STB 11 STB 13 STB  8 STB  9 STB  9 - - - . - - -  3  0
WTC  WHTL STB 13 STB  8 STB  4 STB 14 STB 12  WHTL STB 11 STB 13 STB  8 STB  9 STB  9 - - - . - - -  3  0
WTC  WHTL STB 13 STB  8 STB  4 STB 13 STB 12  WHTL STB 11 STB 13 STB  8 STB  9 STB 10 - - - . - - -  3  0
WTC  WHTL STB 13 STB  8 STB  4 STB 13 STB 12  WHTL STB 11 STB 13 STB  8 STB  9 STB 10 - - - . - - -  3  0
WTC  WHTL STB 13 STB  8 STB  4 STB 13 STB 13  WFRC STB 11 STB 13 STB  8 STB  9 STB 10 - - - . - - -  3  0
WTC  WHTL STB 13 STB  8 STB  4 STB 13 STB 13  WFRC STB 11 STB 13 STB  8 STB  9 STB 10 - - - . - - -  3  0
WTC  WFRC STB 13 STB  8 STB  4 STB 13 STB 13  WFRC STB 11 STB 13 STB  8 STB  9 STB 10 - - - . - - -  3  0
TRD  WFRC STB 13 STB  8 STB  4 STB 13 STB 13  WFRC STB 11 STB 13 STB  8 STB  9 STB 10 - - - . - - -  3  0
TRD  AETM STB 13 STB  8 STB  4 STB 13 STB 13  WFRC STB 11 STB 13 STB  8 STB  9 STB 10 - - - . - - -  3  0
TRD  AETM STB 13 STB  8 STB  4 STB 13 STB 13  AETM STB 11 STB 13 STB  8 STB  9 STB 10 - - - . - - -  3  0
TRD  AETM STB 13 STB  8 SIP  4 STB 13 STB 13  AETM STB 11 STB 13 STB  8 STB  9 STB 10 3 - - . - - -  3  0
TRD  AETM STB 13 STB  8 SIP  4 SIP 13 STB 13  AETM STB 11 STB 13 STB  8 STB  9 STB 10 3 4 - . - - -  3  0
TRD  AETM STB 13 STB  8 SIP  4 SIP 13 SIP 13  AETM STB 11 STB 13 STB  8 STB  9 STB 10 3 4 5 . - - -  3  0
TRD  AETM STB 13 STB  8 SIP  4 SIP 13 SIP 13  AETM STB 11 SIP 13 STB  8 STB  9 STB 10 3 4 5 . 2 - -  3  0
TRD  AETM STB 13 STB  8 SIP  4 SIP 13 SIP 13  AETM SIP 11 SIP 13 STB  8 STB  9 STB 10 3 4 5 . 2 1 -  3  0
TRD  AETM STB 13 STB  8 SIP  4 SIP 13 SIP 13  AETM SIP 11 SIP 13 STB  8 SIP  9 STB 10 3 4 5 . 2 1 4  3  0
TRD  AETM STB 13 STB  8 SIP  4 SIP 13 SIP 13  WHTL SIP 11 SIP 13 STB  8 SIP  9 STB 10 3 4 5 . 2 1 4  3  0
TRD  WHTL STB 13 STB  8 SIP  4 SIP 13 SIP 13  WHTL SIP 11 SIP 13 STB  8 SIP  9 STB 10 3 4 5 . 2 1 4  3  0
WTC  WHTL STB 13 STB  8 SIP  4 SIP 13 SIP 13  WHTL SIP 11 SIP 13 STB  8 SIP  9 STB 10 3 4 5 . 2 1 4  3  0
WTC  WHTL STB 13 STB  8 DYB  4 DYB 13 DYB 13  WHTL DYB 11 DYB 13 STB  8 DYB  9 STB 10 3 4 5 . 2 1 4  3  0
WTC  WHTL STB 13 STB  8 DYB  4 DYB 13 DYB 13  WHTL DYB 11 DYB 13 STB  8 DYB  9 STB 10 3 4 5 . 2 1 4  3  0
WTC  WHTL STB 13 STB  8 DYB  4 DYB 13 DYB 13  WHTL DYB 11 DYB 13 STB  8 DYB  9 STB 10 3 4 5 . 2 1 4  3  0
WTC  WHTL STB 13 STB  8 DYB  4 DYB 13 DYB 13  WHTL DYB 11 DYB 13 STB  8 DYB  9 STB 10 3 4 5 . 2 1 4  3  0
WTC  WHTL STB 13 STB  8 DYB  4 DYB 13 DYB 13  WHTL DYB 11 DYB 13 STB  8 DYB  9 STB 10 3 4 5 . 2 1 4  3  0
WTC  WHTL STB 13 STB  8 DYB  4 DYB 13 DYB 13  WHTL DYB 11 DYB 13 STB  8 DYB  9 STB 10 3 4 5 . 2 1 4  3  0
WTC  WHTL STB 13 STB  8 DYB  4 DYB 13 DYB 13  WHTL DYB 11 DYB 13 STB  8 DYB  9 STB 10 3 4 5 . 2 1 4  3  1
WTC  WHTL STB 13 STB  8 DYB  4 DYB 13 DYB 13  WHTL DYB 11 DYB 13 STB  8 DYB  9 STB 10 4 5 - . 2 1 4  3  1
WTC  WHTL STB 13 STB  8 DYB  4 DYB 13 DYB 13  WHTL DYB 11 DYB 13 STB  8 DYB  9 STB 10 4 5 - . 1 4 -  3  1
WTC  WHTL STB 13 STB  8 STB  4 DYB 13 DYB 13  WHTL DYB 11 DYB 13 STB  8 DYB  9 STB 10 4 5 - . 1 4 -  3  1
WTC  WHTL STB 13 STB  8 STB  4 DYB 13 DYB 13  WHTL DYB 11 STB 13 STB  8 DYB  9 STB 10 5 - - . 1 4 -  4  1
WTC  WHTL STB 13 STB  8 STB  4 DYB 13 DYB 13  WHTL DYB 11 STB 13 STB  8 DYB  9 STB 10 5 - - . 1 4 -  4  1
WTC  WHTL STB 13 STB  8 STB  4 DYB 13 DYB 13  WHTL DYB 11 STB 13 STB  8 DYB  9 STB 10 5 - - . 1 - -  4  1
WTC  WHTL STB 13 STB  8 STB  4 STB 13 DYB 13  WHTL DYB 11 STB 13 STB  8 DYB  9 STB 10 - - - . 1 - -  4  1
WTC  WHTL STB 13 STB  8 STB  4 STB 13 DYB 13  WHTL DYB 11 STB 13 STB  8 DYB  9 STB 10 - - - . 1 - -  4  1
WTC  WHTL STB 13 STB  8 STB  4 STB 13 DYB 13  WHTL DYB 11 STB 13 STB  8 STB  9 STB 10 - - - . 1 - -  4  1
WTC  WHTL STB 13 STB  8 STB  4 STB 13 DYB 13  WHTL DYB 11 STB 13 STB  8 STB  9 STB 10 - - - . - - -  4  1
WTC  WHTL STB 13 STB  8 STB  4 STB 13 STB 13  WHTL DYB 11 STB 13 STB  8 STB  9 STB 10 - - - . - - -  4  1
WTC  WHTL STB 13 STB  8 STB  4 STB 13 STB 13  WHTL STB 11 STB 13 STB  8 STB  9 STB 10 - - - . - - -  4  1
WTC  WHTL STB 14 STB  8 STB  4 STB 13 STB 13  WHTL STB 11 STB 13 STB  8 STB  9 STB 10 - - - . - - -  4  1
WTC  WHTL STB 14 STB  8 STB  4 STB 13 STB 13  WHTL STB 10 STB 13 STB  8 STB  9 STB 10 - - - . - - -  4  1
WTC  WHTL STB 14 STB  9 STB  4 STB 13 STB 13  WHTL STB 10 STB 13 STB  8 STB  9 STB 10 - - - . - - -  4  1
WTC  WHTL STB 14 STB  9 STB  4 STB 13 STB 13  WHTL STB 10 STB 12 STB  8 STB  9 STB 10 - - - . - - -  4  1
WTC  WHTL STB 14 STB  9 STB  3 STB 13 STB 13  WHTL STB 10 STB 12 STB  8 STB  9 STB 10 - - - . - - -  4  1
WTC  WHTL STB 14 STB  9 STB  3 STB 13 STB 13  WHTL STB 10 STB 12 STB  9 STB  9 STB 10 - - - . - - -  4  1
WTC  WHTL STB 14 STB  9 STB  3 STB 12 STB 13  WHTL STB 10 STB 12 STB  9 STB  9 STB 10 - - - . - - -  4  1
WTC  WHTL STB 14 STB  9 STB  3 STB 12 STB 13  WHTL STB 10 STB 12 STB  9 STB  8 STB 10 - - - . - - -  4  1
WTC  WHTL STB 14 STB  9 STB  3 STB 12 STB 12  WHTL STB 10 STB 12 STB  9 STB  8 STB 10 - - - . - - -  4  1
WTC  WHTL STB 14 STB  9 STB  3 STB 12 STB 12  WHTL STB 10 STB 12 STB  9 STB  8 STB 11 - - - . - - -  4  1
WTC  WFRC STB 14 STB  9 STB  3 STB 12 STB 12  WHTL STB 10 STB 12 STB  9 STB  8 STB 11 - - - . - - -  4  1
WTC  WFRC STB 14 STB  9 STB  3 STB 12 STB 12  WFRC STB 10 STB 12 STB  9 STB  8 STB 11 - - - . - - -  4  1
TRD  WFRC STB 14 STB  9 STB  3 STB 12 STB 12  WFRC STB 10 STB 12 STB  9 STB  8 STB 11 - - - . - - -  4  1
TRD  AETM STB 14 STB  9 STB  3 STB 12 STB 12  WFRC STB 10 STB 12 STB  9 STB  8 STB 11 - - - . - - -  4  1
TRD  AETM STB 14 SIP  9 STB  3 STB 12 STB 12  WFRC STB 10 STB 12 STB  9 STB  8 STB 11 2 - - . - - -  4  1
TRD  AETM SIP 14 SIP  9 STB  3 STB 12 STB 12  WFRC STB 10 STB 12 STB  9 STB  8 STB 11 2 1 - . - - -  4  1
TRD  AETM SIP 14 SIP  9 STB  3 STB 12 STB 12  AETM STB 10 STB 12 STB  9 STB  8 STB 11 2 1 - . - - -  4  1
TRD  AETM SIP 14 SIP  9 STB  3 STB 12 SIP 12  AETM STB 10 STB 12 STB  9 STB  8 STB 11 2 1 5 . - - -  4  1
TRD  AETM SIP 14 SIP  9 STB  3 STB 12 SIP 12  AETM STB 10 STB 12 SIP  9 STB  8 STB 11 2 1 5 . 3 - -  4  1
TRD  AETM SIP 14 SIP  9 STB  3 STB 12 SIP 12  AETM STB 10 STB 12 SIP  9 STB  8 SIP 11 2 1 5 . 3 5 -  4  1
TRD  AETM SIP 14 SIP  9 STB  3 STB 12 SIP 12  AETM SIP 10 STB 12 SIP  9 STB  8 SIP 11 2 1 5 . 3 5 1  4  1
TRD  AETM SIP 14 SIP  9 STB  3 STB 12 SIP 12  WHTL SIP 10 STB 12 SIP  9 STB  8 SIP 11 2 1 5 . 3 5 1  4  1
TRD  WHTL SIP 14 SIP  9 STB  3 STB 12 SIP 12  WHTL SIP 10 STB 12 SIP  9 STB  8 SIP 11 2 1 5 . 3 5 1  4  1
WTC  WHTL SIP 14 SIP  9 STB  3 STB 12 SIP 12  WHTL SIP 10 STB 12 SIP  9 STB  8 SIP 11 2 1 5 . 3 5 1  4  1
WTC  WHTL DYB 14 DYB  9 STB  3 STB 12 DYB 12  WHTL DYB 10 STB 12 DYB  9 STB  8 DYB 11 2 1 5 . 3 5 1  4  1
WTC  WHTL DYB 14 DYB  9 STB  3 STB 12 DYB 12  WHTL DYB 10 STB 12 DYB  9 STB  8 DYB 11 2 1 5 . 3 5 1  4  1
WTC  WHTL DYB 14 DYB  9 STB  3 STB 12 DYB 12  WHTL DYB 10 STB 12 DYB  9 STB  8 DYB 11 2 1 5 . 3 5 1  4  1
WTC  WHTL DYB 14 DYB  9 STB  3 STB 12 DYB 12  WHTL DYB 10 STB 12 DYB  9 STB  8 DYB 11 2 1 5 . 3 5 1  4  1
WTC  WHTL DYB 14 DYB  9 STB  3 STB 12 DYB 12  WHTL DYB 10 STB 12 DYB  9 STB  8 DYB 11 2 1 5 . 3 5 1  4  1
WTC  WHTL DYB 14 DYB  9 STB  3 STB 12 DYB 12  WHTL DYB 10 STB 12 DYB  9 STB  8 DYB 11 2 1 5 . 3 5 1  4  1
WTC  WHTL DYB 14 DYB  9 STB  3 STB 12 DYB 12  WHTL DYB 10 STB 12 DYB  9 STB  8 DYB 11 2 1 5 . 3 5 1  4  0
WTC  WHTL DYB 14 DYB  9 STB  3 STB 12 DYB 12  WHTL DYB 10 STB 12 DYB  9 STB  8 DYB 11 2 1 5 . 5 1 -  4  0
WTC  WHTL DYB 14 DYB  9 STB  3 STB 12 DYB 12  WHTL DYB 10 STB 12 DYB  9 STB  8 DYB 11 2 1 - . 5 1 -  5  0
WTC  WHTL DYB 14 DYB  9 STB  3 STB 12 DYB 12  WHTL DYB 10 STB 12 STB  9 STB  8 DYB 11 1 - - . 5 1 -  5  0
WTC  WHTL DYB 14 DYB  9 STB  3 STB 12 DYB 12  WHTL DYB 10 STB 12 STB  9 STB  8 DYB 11 1 - - . 5 1 -  5  0
WTC  WHTL DYB 14 DYB  9 STB  3 STB 12 STB 12  WHTL DYB 10 STB 12 STB  9 STB  8 DYB 11 - - - . 5 1 -  5  0
WTC  WHTL DYB 14 DYB  9 STB  3 STB 12 STB 12  WHTL DYB 10 STB 12 STB  9 STB  8 DYB 11 - - - . 5 1 -  5  0
WTC  WHTL DYB 14 STB  9 STB  3 STB 12 STB 12  WHTL DYB 10 STB 12 STB  9 STB  8 DYB 11 - - - . 5 - -  5  0
WTC  WHTL DYB 14 STB  9 STB  3 STB 12 STB 12  WHTL DYB 10 STB 12 STB  9 STB  8 DYB 11 - - - . 5 - -  5  0
WTC  WHTL STB 14 STB  9 STB  3 STB 12 STB 12  WHTL DYB 10 STB 12 STB  9 STB  8 DYB 11 - - - . 5 - -  5  0
WTC  WHTL STB 14 STB  9 STB  3 STB 12 STB 12  WHTL DYB 10 STB 12 STB  9 STB  8 DYB 11 - - - . - - -  5  0
WTC  WHTL STB 14 STB  9 STB  3 STB 12 STB 12  WHTL STB 10 STB 12 STB  9 STB  8 DYB 11 - - - . - - -  5  0
WTC  WHTL STB 13 STB  9 STB  3 STB 12 STB 12  WHTL STB 10 STB 12 STB  9 STB  8 STB 11 - - - . - - -  5  0
WTC  WHTL STB 13 STB  9 STB  3 STB 12 STB 12  WHTL STB 10 STB 12 STB  9 STB  8 STB 11 - - - . - - -  5  0
WTC  WHTL STB 13 STB  8 STB  3 STB 12 STB 12  WHTL STB  9 STB 12 STB  9 STB  8 STB 11 - - - . - - -  5  0
WTC  WHTL STB 13 STB  8 STB  3 STB 12 STB 12  WHTL STB  9 STB 12 STB  9 STB  8 STB 11 - - - . - - -  5  0
WTC  WHTL STB 13 STB  8 STB  4 STB 12 STB 12  WHTL STB  9 STB 13 STB  9 STB  8 STB 11 - - - . - - -  5  0
WTC  WHTL STB 13 STB  8 STB  4 STB 12 STB 12  WHTL STB  9 STB 13 STB  9 STB  8 STB 11 - - - . - - -  5  0
WTC  WHTL STB 13 STB  8 STB  4 STB 13 STB 12  WHTL STB  9 STB 13 STB  8 STB  8 STB 11 - - - . - - -  5  0
WTC  WHTL STB 13 STB  8 STB  4 STB 13 STB 12  WHTL STB  9 STB 13 STB  8 STB  8 STB 11 - - - . - - -  5  0
WTC  WHTL STB 13 STB  8 STB  4 STB 13 STB 11  WHTL STB  9 STB 13 STB  8 STB  9 STB 11 - - - . - - -  5  0
WTC  WHTL STB 13 STB  8 STB  4 STB 13 STB 11  WHTL STB  9 STB 13 STB  8 STB  9 STB 11 - - - . - - -  5  0
WTC  WFRC STB 13 STB  8 STB  4 STB 13 STB 11  WHTL STB  9 STB 13 STB  8 STB  9 STB 10 - - - . - - -  5  0
WTC  WFRC STB 13 STB  8 STB  4 STB 13 STB 11  WHTL STB  9 STB 13 STB  8 STB  9 STB 10 - - - . - - -  5  0
WTC  WFRC STB 13 STB  8 STB  4 STB 13 STB 11  WFRC STB  9 STB 13 STB  8 STB  9 STB 10 - - - . - - -  5  0
TRD  AETM STB 13 STB  8 STB  4 STB 13 STB 11  WFRC STB  9 STB 13 STB  8 STB  9 STB 10 - - - . - - -  5  0
TRD  AETM STB 13 STB  8 STB  4 STB 13 STB 11  WFRC STB  9 STB 13 STB  8 STB  9 STB 10 - - - . - - -  5  0
TRD  AETM STB 13 STB  8 STB  4 STB 13 STB 11  AETM STB  9 STB 13 STB  8 STB  9 STB 10 - - - . - - -  5  0
TRD  AETM STB 13 STB  8 SIP  4 STB 13 STB 11  AETM STB  9 STB 13 STB  8 STB  9 STB 10 3 - - . - - -  5  0
TRD  AETM STB 13 STB  8 SIP  4 SIP 13 STB 11  AETM STB  9 STB 13 STB  8 STB  9 STB 10 3 4 - . - - -  5  0
TRD  AETM STB 13 STB  8 SIP  4 SIP 13 STB 11  AETM STB  9 SIP 13 STB  8 STB  9 STB 10 3 4 - . 2 - -  5  0
TRD  AETM STB 13 STB  8 SIP  4 SIP 13 STB 11  AETM STB  9 SIP 13 SIP  8 STB  9 STB 10 3 4 - . 2 3 -  5  0
TRD  AETM SIP 13 STB  8 SIP  4 SIP 13 STB 11  AETM STB  9 SIP 13 SIP  8 STB  9 STB 10 3 4 1 . 2 3 -  5  0
TRD  AETM SIP 13 STB  8 SIP  4 SIP 13 STB 11  AETM STB  9 SIP 13 SIP  8 STB  9 SIP 10 3 4 1 . 2 3 5  5  0
TRD  AETM SIP 13 STB  8 SIP  4 SIP 13 STB 11  WHTL STB  9 SIP 13 SIP  8 STB  9 SIP 10 3 4 1 . 2 3 5  5  0
TRD  WHTL SIP 13 STB  8 SIP  4 SIP 13 STB 11  WHTL STB  9 SIP 13 SIP  8 STB  9 SIP 10 3 4 1 . 2 3 5  5  0
WTC  WHTL SIP 13 STB  8 SIP  4 SIP 13 STB 11  WHTL STB  9 SIP 13 SIP  8 STB  9 SIP 10 3 4 1 . 2 3 5  5  0
WTC  WHTL DYB 13 STB  8 DYB  4 DYB 13 STB 11  WHTL STB  9 DYB 13 DYB  8 STB  9 DYB 10 3 4 1 . 2 3 5  5  0
WTC  WHTL DYB 13 STB  8 DYB  4 DYB 13 STB 11  WHTL STB  9 DYB 13 DYB  8 STB  9 DYB 10 3 4 1 . 2 3 5  5  0
WTC  WHTL DYB 13 STB  8 DYB  4 DYB 13 STB 11  WHTL STB  9 DYB 13 DYB  8 STB  9 DYB 10 3 4 1 . 2 3 5  5  0
WTC  WHTL DYB 13 STB  8 DYB  4 DYB 13 STB 11  WHTL STB  9 DYB 13 DYB  8 STB  9 DYB 10 3 4 1 . 2 3 5  5  0
WTC  WHTL DYB 13 STB  8 DYB  4 DYB 13 STB 11  WHTL STB  9 DYB 13 DYB  8 STB  9 DYB 10 3 4 1 . 2 3 5  5  0
WTC  WHTL DYB 13 STB  8 DYB  4 DYB 13 STB 11  WHTL STB  9 DYB 13 DYB  8 STB  9 DYB 10 3 4 1 . 2 3 5  5  0
WTC  WHTL DYB 13 STB  8 DYB  4 DYB 13 STB 11  WHTL STB  9 DYB 13 DYB  8 STB  9 DYB 10 3 4 1 . 2 3 5  5  1
WTC  WHTL DYB 13 STB  8 DYB  4 DYB 13 STB 11  WHTL STB  9 DYB 13 DYB  8 STB  9 DYB 10 3 4 1 . 2 3 -  5  1
WTC  WHTL DYB 13 STB  8 DYB  4 DYB 13 STB 11  WHTL STB  9 DYB 13 DYB  8 STB  9 DYB 10 3 4 - . 2 3 -  5  1
WTC  WHTL DYB 13 STB  8 DYB  4 DYB 13 STB 11  WHTL STB  9 DYB 13 DYB  8 STB  9 STB 10 3 4 - . 3 - -  5  1
WTC  WHTL DYB 13 STB  8 DYB  4 DYB 13 STB 11  WHTL STB  9 DYB 13 DYB  8 STB  9 STB 10 3 4 - . 3 - -  5  1
WTC  WHTL STB 13 STB  8 DYB  4 DYB 13 STB 11  WHTL STB  9 DYB 13 DYB  8 STB  9 STB 10 3 - - . 3 - -  5  1
WTC  WHTL STB 13 STB  8 DYB  4 DYB 13 STB 11  WHTL STB  9 DYB 13 DYB  8 STB  9 STB 10 3 - - . 3 - -  5  1
WTC  WHTL STB 13 STB  8 DYB  4 DYB 13 STB 11  WHTL STB  9 STB 13 DYB  8 STB  9 STB 10 - - - . 3 - -  5  1
WTC  WHTL STB 13 STB  8 DYB  4 DYB 13 STB 11  WHTL STB  9 STB 13 DYB  8 STB  9 STB 10 - - - . 3 - -  5  1
WTC  WHTL STB 13 STB  8 DYB  4 STB 13 STB 11  WHTL STB  9 STB 13 DYB  8 STB  9 STB 10 - - - . - - -  5  1
WTC  WHTL STB 13 STB  8 DYB  4 STB 13 STB 11  WHTL STB  9 STB 13 DYB  8 STB  9 STB 10 - - - . - - -  5  1
WTC  WHTL STB 13 STB  8 STB  4 STB 13 STB 11  WHTL STB  9 STB 13 DYB  8 STB  9 STB 10 - - - . - - -  5  1
WTC  WHTL STB 13 STB  8 STB  4 STB 13 STB 11  WHTL STB  9 STB 13 STB  8 STB  9 STB 10 - - - . - - -  6  1
WTC  WHTL STB 12 STB  8 STB  4 STB 13 STB 11  WHTL STB  9 STB 13 STB  8 STB  9 STB 10 - - - . - - -  6  1
WTC  WHTL STB 12 STB  9 STB  4 STB 13 STB 11  WHTL STB 10 STB 13 STB  8 STB  9 STB 10 - - - . - - -  6  1
WTC  WHTL STB 12 STB  9 STB  4 STB 13 STB 11  WHTL STB 10 STB 13 STB  8 STB  9 STB 10 - - - . - - -  6  1
WTC  WHTL STB 12 STB  9 STB  3 STB 13 STB 11  WHTL STB 10 STB 12 STB  8 STB  9 STB 10 - - - . - - -  6  1
WTC  WHTL STB 12 STB  9 STB  3 STB 13 STB 11  WHTL STB 10 STB 12 STB  8 STB  9 STB 10 - - - . - - -  6  1
WTC  WHTL STB 12 STB  9 STB  3 STB 12 STB 11  WHTL STB 10 STB 12 STB  7 STB  9 STB 10 - - - . - - -  6  1
WTC  WHTL STB 12 STB  9 STB  3 STB 12 STB 11  WHTL STB 10 STB 12 STB  7 STB  9 STB 10 - - - . - - -  6  1
WTC  WHTL STB 12 STB  9 STB  3 STB 12 STB 12  WHTL STB 10 STB 12 STB  7 STB 10 STB 10 - - - . - - -  6  1
WTC  WHTL STB 12 STB  9 STB  3 STB 12 STB 12  WHTL STB 10 STB 12 STB  7 STB 10 STB 10 - - - . - - -  6  1
WTC  WFRC STB 12 STB  9 STB  3 STB 12 STB 12  WHTL STB 10 STB 12 STB  7 STB 10 STB  9 - - - . - - -  6  1
WTC  WFRC STB 12 STB  9 STB  3 STB 12 STB 12  WHTL STB 10 STB 12 STB  7 STB 10 STB  9 - - - . - - -  6  1
WTC  WFRC STB 12 STB  9 STB  3 STB 12 STB 12  WFRC STB 10 STB 12 STB  7 STB 10 STB  9 - - - . - - -  6  1
TRD  AETM STB 12 STB  9 STB  3 STB 12 STB 12  WFRC STB 10 STB 12 STB  7 STB 10 STB  9 - - - . - - -  6  1
TRD  AETM STB 12 STB  9 STB  3 STB 12 STB 12  WFRC STB 10 STB 12 STB  7 STB 10 STB  9 - - - . - - -  6  1
TRD  AETM STB 12 STB  9 STB  3 STB 12 STB 12  AETM STB 10 STB 12 STB  7 STB 10 STB  9 - - - . - - -  6  1
TRD  AETM STB 12 STB  9 STB  3 STB 12 SIP 12  AETM STB 10 STB 12 STB  7 STB 10 STB  9 5 - - . - - -  6  1
TRD  AETM SIP 12 STB  9 STB  3 STB 12 SIP 12  AETM STB 10 STB 12 STB  7 STB 10 STB  9 5 1 - . - - -  6  1
TRD  AETM SIP 12 STB  9 STB  3 STB 12 SIP 12  AETM STB 10 STB 12 STB  7 SIP 10 STB  9 5 1 - . 4 - -  6  1
TRD  AETM SIP 12 STB  9 SIP  3 STB 12 SIP 12  AETM STB 10 STB 12 STB  7 SIP 10 STB  9 5 1 3 . 4 - -  6  1
TRD  AETM SIP 12 STB  9 SIP  3 STB 12 SIP 12  AETM STB 10 STB 12 STB  7 SIP 10 SIP  9 5 1 3 . 4 5 -  6  1
TRD  AETM SIP 12 STB  9 SIP  3 STB 12 SIP 12  AETM STB 10 STB 12 SIP  7 SIP 10 SIP  9 5 1 3 . 4 5 3  6  1
TRD  AETM SIP 12 STB  9 SIP  3 STB 12 SIP 12  WHTL STB 10 STB 12 SIP  7 SIP 10 SIP  9 5 1 3 . 4 5 3  6  1
TRD  WHTL SIP 12 STB  9 SIP  3 STB 12 SIP 12  WHTL STB 10 STB 12 SIP  7 SIP 10 SIP  9 5 1 3 . 4 5 3  6  1
WTC  WHTL SIP 12 STB  9 SIP  3 STB 12 SIP 12  WHTL STB 10 STB 12 SIP  7 SIP 10 SIP  9 5 1 3 . 4 5 3  6  1
WTC  WHTL DYB 12 STB  9 DYB  3 STB 12 DYB 12  WHTL STB 10 STB 12 DYB  7 DYB 10 DYB  9 5 1 3 . 4 5 3  6  1
WTC  WHTL DYB 12 STB  9 DYB  3 STB 12 DYB 12  WHTL STB 10 STB 12 DYB  7 DYB 10 DYB  9 5 1 3 . 4 5 3  6  1
WTC  WHTL DYB 12 STB  9 DYB  3 STB 12 DYB 12  WHTL STB 10 STB 12 DYB  7 DYB 10 DYB  9 5 1 3 . 4 5 3  6  1
WTC  WHTL DYB 12 STB  9 DYB  3 STB 12 DYB 12  WHTL STB 10 STB 12 DYB  7 DYB 10 DYB  9 5 1 3 . 4 5 3  6  1
WTC  WHTL DYB 12 STB  9 DYB  3 STB 12 DYB 12  WHTL STB 10 STB 12 DYB  7 DYB 10 DYB  9 5 1 3 . 4 5 3  6  1
WTC  WHTL DYB 12 STB  9 DYB  3 STB 12 DYB 12  WHTL STB 10 STB 12 DYB  7 DYB 10 DYB  9 5 1 3 . 4 5 3  6  1
WTC  WHTL DYB 12 STB  9 DYB  3 STB 12 DYB 12  WHTL STB 10 STB 12 DYB  7 DYB 10 DYB  9 5 1 3 . 4 5 3  6  0
WTC  WHTL DYB 12 STB  9 DYB  3 STB 12 DYB 12  WHTL STB 10 STB 12 DYB  7 DYB 10 DYB  9 5 3 - . 4 5 3  6  0
WTC  WHTL DYB 12 STB  9 DYB  3 STB 12 DYB 12  WHTL STB 10 STB 12 DYB  7 DYB 10 DYB  9 5 - - . 4 5 3  6  0
WTC  WHTL STB 12 STB  9 DYB  3 STB 12 DYB 12  WHTL STB 10 STB 12 DYB  7 DYB 10 DYB  9 5 - - . 4 5 -  6  0
WTC  WHTL STB 12 STB  9 DYB  3 STB 12 DYB 12  WHTL STB 10 STB 12 DYB  7 DYB 10 DYB  9 5 - - . 4 5 -  6  0
WTC  WHTL STB 12 STB  9 STB  3 STB 12 DYB 12  WHTL STB 10 STB 12 DYB  7 DYB 10 DYB  9 5 - - . 4 - -  6  0
WTC  WHTL STB 12 STB  9 STB  3 STB 12 DYB 12  WHTL STB 10 STB 12 DYB  7 DYB 10 DYB  9 5 - - . 4 - -  6  0
WTC  WHTL STB 12 STB  9 STB  3 STB 12 DYB 12  WHTL STB 10 STB 12 STB  7 DYB 10 DYB  9 - - - . 4 - -  6  0
WTC  WHTL STB 12 STB  9 STB  3 STB 12 DYB 12  WHTL STB 10 STB 12 STB  7 DYB 10 DYB  9 - - - . 4 - -  6  0
WTC  WHTL STB 12 STB  9 STB  3 STB 12 DYB 12  WHTL STB 10 STB 12 STB  7 DYB 10 STB  9 - - - . 4 - -  6  0
WTC  WHTL STB 12 STB  9 STB  3 STB 12 DYB 12  WHTL STB 10 STB 12 STB  7 DYB 10 STB  9 - - - . - - -  6  0
WTC  WHTL STB 12 STB  9 STB  3 STB 12 STB 12  WHTL STB 10 STB 12 STB  7 DYB 10 STB  9 - - - . - - -  6  0
EOG  WHTL STB 12 STB  9 STB  3 STB 12 STB 12  WHTL STB 10 STB 12 STB  7 STB 10 STB  9 - - - . - - -  6  0
EOG  WHTL STB 12 STB  9 STB  3 STB 12 STB 12  WHTL STB 10 STB 12 STB  7 STB 10 STB  9 - - - . - - -  6  0
EOG  WHTL STB 11 STB  9 STB  3 STB 12 STB 12  WHTL STB 10 STB 12 STB  7 STB 10 STB  9 - - - . - - -  6  0
Game 3 was a draw.
EOG  WHTL STB 11 STB  9 STB  3 STB 12 STB 12  WHTL STB 11 STB 12 STB  7 STB 10 STB  9 - - - . - - -  6  0
EOG  WHTL STB 11 STB 10 STB  3 STB 12 STB 12  WHTL STB 11 STB 12 STB  7 STB 10 STB  9 - - - . - - -  6  0
EOG  WHTL STB 11 STB 10 STB  3 STB 12 STB 12  WHTL STB 11 STB 13 STB  7 STB 10 STB  9 - - - . - - -  6  0
EOM  WHTL STB 11 STB 10 STB  2 STB 12 STB 12  WHTL STB 11 STB 13 STB  7 STB 10 STB  9 - - - . - - -  6  0
EOM  WHTL STB 11 STB 10 STB  2 STB 12 STB 12  WHTL STB 11 STB 13 STB  6 STB 10 STB  9 - - - . - - -  6  0
EOM  WHTL STB 11 STB 10 STB  2 STB 12 STB 12  WHTL STB 11 STB 13 STB  6 STB 10 STB  9 - - - . - - -  6  0
Match was a draw.
EOM  WHTL STB 11 STB 10 STB  2 STB 13 STB 12  WHTL STB 11 STB 13 STB  6 STB  9 STB  9 - - - . - - -  6  0
EOM  WHTL STB 11 STB 10 STB  2 STB 13 STB 12  WHTL STB 11 STB 13 STB  6 STB  9 STB  9 - - - . - - -  6  0
EOM  WHTL STB 11 STB 10 STB  2 STB 13 STB 11  WHTL STB 11 STB 13 STB  6 STB  9 STB  8 - - - . - - -  6  0
EOM  WHTL STB 11 STB 10 STB  2 STB 13 STB 11  WHTL STB 11 STB 13 STB  6 STB  9 STB  8 - - - . - - -  6  0
EOM  WHTL STB 11 STB 10 STB  2 STB 13 STB 11  WFRC STB 11 STB 13 STB  6 STB  9 STB  8 - - - . - - -  6  0
EOM  WFRC STB 11 STB 10 STB  2 STB 13 STB 11  WFRC STB 11 STB 13 STB  6 STB  9 STB  8 - - - . - - -  6  0
